mode: atomic
github.com/okdaichi/gomoqt/moqt/internal/quicgo/connection_wrapper.go:12.68,13.17 1 1
github.com/okdaichi/gomoqt/moqt/internal/quicgo/connection_wrapper.go:13.17,15.3 1 1
github.com/okdaichi/gomoqt/moqt/internal/quicgo/connection_wrapper.go:16.2,18.3 1 0
github.com/okdaichi/gomoqt/moqt/internal/quicgo/connection_wrapper.go:27.89,30.2 2 0
github.com/okdaichi/gomoqt/moqt/internal/quicgo/connection_wrapper.go:32.99,35.2 2 0
github.com/okdaichi/gomoqt/moqt/internal/quicgo/connection_wrapper.go:37.92,39.2 1 0
github.com/okdaichi/gomoqt/moqt/internal/quicgo/connection_wrapper.go:41.56,44.2 2 0
github.com/okdaichi/gomoqt/moqt/internal/quicgo/connection_wrapper.go:46.55,48.2 1 0
github.com/okdaichi/gomoqt/moqt/internal/quicgo/connection_wrapper.go:50.50,52.2 1 0
github.com/okdaichi/gomoqt/moqt/internal/quicgo/connection_wrapper.go:54.68,57.2 2 0
github.com/okdaichi/gomoqt/moqt/internal/quicgo/connection_wrapper.go:59.91,62.2 2 0
github.com/okdaichi/gomoqt/moqt/internal/quicgo/connection_wrapper.go:64.75,67.2 2 0
github.com/okdaichi/gomoqt/moqt/internal/quicgo/connection_wrapper.go:69.98,72.2 2 0
github.com/okdaichi/gomoqt/moqt/internal/quicgo/connection_wrapper.go:74.51,76.2 1 0
github.com/okdaichi/gomoqt/moqt/internal/quicgo/connection_wrapper.go:78.60,80.2 1 0
github.com/okdaichi/gomoqt/moqt/internal/quicgo/connection_wrapper.go:82.77,84.2 1 0
github.com/okdaichi/gomoqt/moqt/internal/quicgo/dialer.go:12.132,16.2 2 0
github.com/okdaichi/gomoqt/moqt/internal/quicgo/listener_wrapper.go:15.115,18.2 2 0
github.com/okdaichi/gomoqt/moqt/internal/quicgo/listener_wrapper.go:22.85,26.2 1 0
github.com/okdaichi/gomoqt/moqt/internal/quicgo/listener_wrapper.go:32.91,35.2 2 0
github.com/okdaichi/gomoqt/moqt/internal/quicgo/listener_wrapper.go:37.49,39.2 1 0
github.com/okdaichi/gomoqt/moqt/internal/quicgo/listener_wrapper.go:41.47,43.2 1 0
github.com/okdaichi/gomoqt/moqt/internal/quicgo/stream_wrapper.go:17.58,19.2 1 0
github.com/okdaichi/gomoqt/moqt/internal/quicgo/stream_wrapper.go:21.59,23.2 1 0
github.com/okdaichi/gomoqt/moqt/internal/quicgo/stream_wrapper.go:25.73,27.2 1 0
github.com/okdaichi/gomoqt/moqt/internal/quicgo/stream_wrapper.go:29.74,31.2 1 0
github.com/okdaichi/gomoqt/moqt/internal/quicgo/stream_wrapper.go:33.64,35.2 1 0
github.com/okdaichi/gomoqt/moqt/internal/quicgo/stream_wrapper.go:37.68,39.2 1 0
github.com/okdaichi/gomoqt/moqt/internal/quicgo/stream_wrapper.go:41.69,43.2 1 0
github.com/okdaichi/gomoqt/moqt/internal/quicgo/stream_wrapper.go:45.44,47.2 1 0
github.com/okdaichi/gomoqt/moqt/internal/quicgo/stream_wrapper.go:49.56,51.2 1 0
github.com/okdaichi/gomoqt/moqt/internal/quicgo/stream_wrapper.go:62.65,64.2 1 0
github.com/okdaichi/gomoqt/moqt/internal/quicgo/stream_wrapper.go:66.80,68.2 1 0
github.com/okdaichi/gomoqt/moqt/internal/quicgo/stream_wrapper.go:70.75,72.2 1 0
github.com/okdaichi/gomoqt/moqt/internal/quicgo/stream_wrapper.go:84.63,86.2 1 0
github.com/okdaichi/gomoqt/moqt/internal/quicgo/stream_wrapper.go:88.78,90.2 1 0
github.com/okdaichi/gomoqt/moqt/internal/quicgo/stream_wrapper.go:92.73,94.2 1 0
github.com/okdaichi/gomoqt/moqt/internal/quicgo/stream_wrapper.go:96.48,98.2 1 0
github.com/okdaichi/gomoqt/moqt/internal/quicgo/stream_wrapper.go:100.60,102.2 1 0
github.com/okdaichi/gomoqt/moqt/internal/message/announce.go:24.37,32.2 5 3
github.com/okdaichi/gomoqt/moqt/internal/message/announce.go:34.53,47.2 8 3
github.com/okdaichi/gomoqt/moqt/internal/message/announce.go:49.56,51.16 2 8
github.com/okdaichi/gomoqt/moqt/internal/message/announce.go:51.16,53.3 1 3
github.com/okdaichi/gomoqt/moqt/internal/message/announce.go:55.2,58.16 3 5
github.com/okdaichi/gomoqt/moqt/internal/message/announce.go:58.16,60.3 1 1
github.com/okdaichi/gomoqt/moqt/internal/message/announce.go:62.2,63.16 2 4
github.com/okdaichi/gomoqt/moqt/internal/message/announce.go:63.16,65.3 1 0
github.com/okdaichi/gomoqt/moqt/internal/message/announce.go:66.2,70.16 4 4
github.com/okdaichi/gomoqt/moqt/internal/message/announce.go:70.16,72.3 1 0
github.com/okdaichi/gomoqt/moqt/internal/message/announce.go:73.2,77.16 4 4
github.com/okdaichi/gomoqt/moqt/internal/message/announce.go:77.16,79.3 1 0
github.com/okdaichi/gomoqt/moqt/internal/message/announce.go:80.2,83.17 3 4
github.com/okdaichi/gomoqt/moqt/internal/message/announce.go:83.17,85.3 1 1
github.com/okdaichi/gomoqt/moqt/internal/message/announce.go:87.2,87.12 1 3
github.com/okdaichi/gomoqt/moqt/internal/message/announce_please.go:16.44,18.2 1 4
github.com/okdaichi/gomoqt/moqt/internal/message/announce_please.go:20.60,30.2 6 4
github.com/okdaichi/gomoqt/moqt/internal/message/announce_please.go:32.63,34.16 2 8
github.com/okdaichi/gomoqt/moqt/internal/message/announce_please.go:34.16,36.3 1 3
github.com/okdaichi/gomoqt/moqt/internal/message/announce_please.go:38.2,41.16 3 5
github.com/okdaichi/gomoqt/moqt/internal/message/announce_please.go:41.16,43.3 1 0
github.com/okdaichi/gomoqt/moqt/internal/message/announce_please.go:45.2,46.16 2 5
github.com/okdaichi/gomoqt/moqt/internal/message/announce_please.go:46.16,48.3 1 0
github.com/okdaichi/gomoqt/moqt/internal/message/announce_please.go:49.2,52.17 3 5
github.com/okdaichi/gomoqt/moqt/internal/message/announce_please.go:52.17,54.3 1 1
github.com/okdaichi/gomoqt/moqt/internal/message/announce_please.go:56.2,56.12 1 4
github.com/okdaichi/gomoqt/moqt/internal/message/fetch.go:12.33,19.2 6 0
github.com/okdaichi/gomoqt/moqt/internal/message/fetch.go:21.49,33.2 11 0
github.com/okdaichi/gomoqt/moqt/internal/message/fetch.go:35.52,37.16 2 0
github.com/okdaichi/gomoqt/moqt/internal/message/fetch.go:37.16,39.3 1 0
github.com/okdaichi/gomoqt/moqt/internal/message/fetch.go:41.2,44.16 3 0
github.com/okdaichi/gomoqt/moqt/internal/message/fetch.go:44.16,46.3 1 0
github.com/okdaichi/gomoqt/moqt/internal/message/fetch.go:48.2,49.16 2 0
github.com/okdaichi/gomoqt/moqt/internal/message/fetch.go:49.16,51.3 1 0
github.com/okdaichi/gomoqt/moqt/internal/message/fetch.go:52.2,56.16 4 0
github.com/okdaichi/gomoqt/moqt/internal/message/fetch.go:56.16,58.3 1 0
github.com/okdaichi/gomoqt/moqt/internal/message/fetch.go:59.2,62.16 3 0
github.com/okdaichi/gomoqt/moqt/internal/message/fetch.go:62.16,64.3 1 0
github.com/okdaichi/gomoqt/moqt/internal/message/fetch.go:65.2,69.16 4 0
github.com/okdaichi/gomoqt/moqt/internal/message/fetch.go:69.16,71.3 1 0
github.com/okdaichi/gomoqt/moqt/internal/message/fetch.go:72.2,75.17 3 0
github.com/okdaichi/gomoqt/moqt/internal/message/fetch.go:75.17,77.3 1 0
github.com/okdaichi/gomoqt/moqt/internal/message/fetch.go:79.2,79.12 1 0
github.com/okdaichi/gomoqt/moqt/internal/message/group.go:13.33,20.2 4 4
github.com/okdaichi/gomoqt/moqt/internal/message/group.go:22.49,33.2 7 4
github.com/okdaichi/gomoqt/moqt/internal/message/group.go:35.52,37.16 2 8
github.com/okdaichi/gomoqt/moqt/internal/message/group.go:37.16,39.3 1 3
github.com/okdaichi/gomoqt/moqt/internal/message/group.go:41.2,44.16 3 5
github.com/okdaichi/gomoqt/moqt/internal/message/group.go:44.16,46.3 1 1
github.com/okdaichi/gomoqt/moqt/internal/message/group.go:48.2,49.16 2 4
github.com/okdaichi/gomoqt/moqt/internal/message/group.go:49.16,51.3 1 0
github.com/okdaichi/gomoqt/moqt/internal/message/group.go:52.2,56.16 4 4
github.com/okdaichi/gomoqt/moqt/internal/message/group.go:56.16,58.3 1 0
github.com/okdaichi/gomoqt/moqt/internal/message/group.go:59.2,62.17 3 4
github.com/okdaichi/gomoqt/moqt/internal/message/group.go:62.17,64.3 1 1
github.com/okdaichi/gomoqt/moqt/internal/message/group.go:66.2,66.12 1 3
github.com/okdaichi/gomoqt/moqt/internal/message/message.go:7.30,8.21 1 154
github.com/okdaichi/gomoqt/moqt/internal/message/message.go:8.21,10.3 1 124
github.com/okdaichi/gomoqt/moqt/internal/message/message.go:11.2,11.21 1 30
github.com/okdaichi/gomoqt/moqt/internal/message/message.go:11.21,13.3 1 13
github.com/okdaichi/gomoqt/moqt/internal/message/message.go:14.2,14.21 1 17
github.com/okdaichi/gomoqt/moqt/internal/message/message.go:14.21,16.3 1 7
github.com/okdaichi/gomoqt/moqt/internal/message/message.go:17.2,17.21 1 10
github.com/okdaichi/gomoqt/moqt/internal/message/message.go:17.21,19.3 1 8
github.com/okdaichi/gomoqt/moqt/internal/message/message.go:20.2,20.55 1 2
github.com/okdaichi/gomoqt/moqt/internal/message/message.go:23.30,25.2 1 29
github.com/okdaichi/gomoqt/moqt/internal/message/message.go:27.29,29.2 1 12
github.com/okdaichi/gomoqt/moqt/internal/message/message.go:31.39,33.24 2 4
github.com/okdaichi/gomoqt/moqt/internal/message/message.go:33.24,35.3 1 6
github.com/okdaichi/gomoqt/moqt/internal/message/message.go:36.2,36.14 1 4
github.com/okdaichi/gomoqt/moqt/internal/message/message.go:39.50,41.33 2 4
github.com/okdaichi/gomoqt/moqt/internal/message/message.go:41.33,43.3 1 4
github.com/okdaichi/gomoqt/moqt/internal/message/message.go:44.2,44.14 1 4
github.com/okdaichi/gomoqt/moqt/internal/message/message_reader.go:8.48,9.16 1 163
github.com/okdaichi/gomoqt/moqt/internal/message/message_reader.go:9.16,11.3 1 4
github.com/okdaichi/gomoqt/moqt/internal/message/message_reader.go:12.2,13.16 2 159
github.com/okdaichi/gomoqt/moqt/internal/message/message_reader.go:13.16,15.3 1 7
github.com/okdaichi/gomoqt/moqt/internal/message/message_reader.go:16.2,17.11 2 152
github.com/okdaichi/gomoqt/moqt/internal/message/message_reader.go:18.9,19.35 1 124
github.com/okdaichi/gomoqt/moqt/internal/message/message_reader.go:20.9,21.42 1 8
github.com/okdaichi/gomoqt/moqt/internal/message/message_reader.go:22.9,23.80 1 12
github.com/okdaichi/gomoqt/moqt/internal/message/message_reader.go:24.9,26.72 1 8
github.com/okdaichi/gomoqt/moqt/internal/message/message_reader.go:28.2,28.18 1 152
github.com/okdaichi/gomoqt/moqt/internal/message/message_reader.go:32.53,36.16 3 74
github.com/okdaichi/gomoqt/moqt/internal/message/message_reader.go:36.16,38.3 1 9
github.com/okdaichi/gomoqt/moqt/internal/message/message_reader.go:41.2,46.11 4 65
github.com/okdaichi/gomoqt/moqt/internal/message/message_reader.go:46.11,48.17 2 28
github.com/okdaichi/gomoqt/moqt/internal/message/message_reader.go:48.17,50.4 1 14
github.com/okdaichi/gomoqt/moqt/internal/message/message_reader.go:54.2,55.17 2 51
github.com/okdaichi/gomoqt/moqt/internal/message/message_reader.go:62.47,64.16 2 29
github.com/okdaichi/gomoqt/moqt/internal/message/message_reader.go:64.16,66.3 1 1
github.com/okdaichi/gomoqt/moqt/internal/message/message_reader.go:67.2,68.23 2 28
github.com/okdaichi/gomoqt/moqt/internal/message/message_reader.go:68.23,69.32 1 0
github.com/okdaichi/gomoqt/moqt/internal/message/message_reader.go:72.2,72.26 1 28
github.com/okdaichi/gomoqt/moqt/internal/message/message_reader.go:72.26,74.3 1 3
github.com/okdaichi/gomoqt/moqt/internal/message/message_reader.go:76.2,76.35 1 25
github.com/okdaichi/gomoqt/moqt/internal/message/message_reader.go:79.48,81.16 2 24
github.com/okdaichi/gomoqt/moqt/internal/message/message_reader.go:81.16,83.3 1 2
github.com/okdaichi/gomoqt/moqt/internal/message/message_reader.go:84.2,84.28 1 22
github.com/okdaichi/gomoqt/moqt/internal/message/message_reader.go:87.55,89.16 2 5
github.com/okdaichi/gomoqt/moqt/internal/message/message_reader.go:89.16,91.3 1 1
github.com/okdaichi/gomoqt/moqt/internal/message/message_reader.go:93.2,93.25 1 4
github.com/okdaichi/gomoqt/moqt/internal/message/message_reader.go:93.25,94.34 1 0
github.com/okdaichi/gomoqt/moqt/internal/message/message_reader.go:97.2,100.18 3 4
github.com/okdaichi/gomoqt/moqt/internal/message/message_reader.go:100.18,102.17 2 4
github.com/okdaichi/gomoqt/moqt/internal/message/message_reader.go:102.17,104.4 1 1
github.com/okdaichi/gomoqt/moqt/internal/message/message_reader.go:105.3,107.13 3 3
github.com/okdaichi/gomoqt/moqt/internal/message/message_reader.go:110.2,110.24 1 3
github.com/okdaichi/gomoqt/moqt/internal/message/message_writer.go:7.52,8.21 1 106
github.com/okdaichi/gomoqt/moqt/internal/message/message_writer.go:8.21,11.3 2 89
github.com/okdaichi/gomoqt/moqt/internal/message/message_writer.go:12.2,12.21 1 17
github.com/okdaichi/gomoqt/moqt/internal/message/message_writer.go:12.21,18.3 2 5
github.com/okdaichi/gomoqt/moqt/internal/message/message_writer.go:19.2,19.21 1 12
github.com/okdaichi/gomoqt/moqt/internal/message/message_writer.go:19.21,27.3 2 3
github.com/okdaichi/gomoqt/moqt/internal/message/message_writer.go:28.2,28.21 1 9
github.com/okdaichi/gomoqt/moqt/internal/message/message_writer.go:28.21,40.3 2 8
github.com/okdaichi/gomoqt/moqt/internal/message/message_writer.go:41.2,41.55 1 1
github.com/okdaichi/gomoqt/moqt/internal/message/message_writer.go:44.54,48.2 3 14
github.com/okdaichi/gomoqt/moqt/internal/message/message_writer.go:50.55,52.2 1 11
github.com/okdaichi/gomoqt/moqt/internal/message/message_writer.go:54.64,57.26 3 2
github.com/okdaichi/gomoqt/moqt/internal/message/message_writer.go:57.26,60.3 2 2
github.com/okdaichi/gomoqt/moqt/internal/message/message_writer.go:61.2,61.16 1 2
github.com/okdaichi/gomoqt/moqt/internal/message/message_writer.go:64.75,67.33 3 2
github.com/okdaichi/gomoqt/moqt/internal/message/message_writer.go:67.33,72.3 4 1
github.com/okdaichi/gomoqt/moqt/internal/message/message_writer.go:73.2,73.16 1 2
github.com/okdaichi/gomoqt/moqt/internal/message/message_writer.go:83.62,85.2 1 23
github.com/okdaichi/gomoqt/moqt/internal/message/probe.go:15.34,17.2 1 3
github.com/okdaichi/gomoqt/moqt/internal/message/probe.go:19.50,28.2 6 3
github.com/okdaichi/gomoqt/moqt/internal/message/probe.go:30.53,32.16 2 7
github.com/okdaichi/gomoqt/moqt/internal/message/probe.go:32.16,34.3 1 2
github.com/okdaichi/gomoqt/moqt/internal/message/probe.go:36.2,39.16 3 5
github.com/okdaichi/gomoqt/moqt/internal/message/probe.go:39.16,41.3 1 1
github.com/okdaichi/gomoqt/moqt/internal/message/probe.go:43.2,44.16 2 4
github.com/okdaichi/gomoqt/moqt/internal/message/probe.go:44.16,46.3 1 1
github.com/okdaichi/gomoqt/moqt/internal/message/probe.go:47.2,50.17 3 3
github.com/okdaichi/gomoqt/moqt/internal/message/probe.go:50.17,52.3 1 0
github.com/okdaichi/gomoqt/moqt/internal/message/probe.go:54.2,54.12 1 3
github.com/okdaichi/gomoqt/moqt/internal/message/stream_type.go:21.49,24.2 2 3
github.com/okdaichi/gomoqt/moqt/internal/message/stream_type.go:26.50,29.16 3 4
github.com/okdaichi/gomoqt/moqt/internal/message/stream_type.go:29.16,31.3 1 1
github.com/okdaichi/gomoqt/moqt/internal/message/stream_type.go:32.2,34.12 2 3
github.com/okdaichi/gomoqt/moqt/internal/message/subscribe.go:34.37,47.2 10 3
github.com/okdaichi/gomoqt/moqt/internal/message/subscribe.go:49.53,67.2 15 3
github.com/okdaichi/gomoqt/moqt/internal/message/subscribe.go:69.56,71.16 2 12
github.com/okdaichi/gomoqt/moqt/internal/message/subscribe.go:71.16,73.3 1 3
github.com/okdaichi/gomoqt/moqt/internal/message/subscribe.go:75.2,78.16 3 9
github.com/okdaichi/gomoqt/moqt/internal/message/subscribe.go:78.16,80.3 1 5
github.com/okdaichi/gomoqt/moqt/internal/message/subscribe.go:82.2,83.16 2 4
github.com/okdaichi/gomoqt/moqt/internal/message/subscribe.go:83.16,85.3 1 0
github.com/okdaichi/gomoqt/moqt/internal/message/subscribe.go:86.2,90.16 4 4
github.com/okdaichi/gomoqt/moqt/internal/message/subscribe.go:90.16,92.3 1 0
github.com/okdaichi/gomoqt/moqt/internal/message/subscribe.go:93.2,97.16 4 4
github.com/okdaichi/gomoqt/moqt/internal/message/subscribe.go:97.16,99.3 1 0
github.com/okdaichi/gomoqt/moqt/internal/message/subscribe.go:100.2,103.16 3 4
github.com/okdaichi/gomoqt/moqt/internal/message/subscribe.go:103.16,105.3 1 0
github.com/okdaichi/gomoqt/moqt/internal/message/subscribe.go:106.2,111.16 5 4
github.com/okdaichi/gomoqt/moqt/internal/message/subscribe.go:111.16,113.3 1 0
github.com/okdaichi/gomoqt/moqt/internal/message/subscribe.go:114.2,118.16 4 4
github.com/okdaichi/gomoqt/moqt/internal/message/subscribe.go:118.16,120.3 1 1
github.com/okdaichi/gomoqt/moqt/internal/message/subscribe.go:121.2,125.16 4 3
github.com/okdaichi/gomoqt/moqt/internal/message/subscribe.go:125.16,127.3 1 0
github.com/okdaichi/gomoqt/moqt/internal/message/subscribe.go:128.2,131.17 3 3
github.com/okdaichi/gomoqt/moqt/internal/message/subscribe.go:131.17,133.3 1 0
github.com/okdaichi/gomoqt/moqt/internal/message/subscribe.go:135.2,135.12 1 3
github.com/okdaichi/gomoqt/moqt/internal/message/subscribe_drop.go:30.43,38.2 5 3
github.com/okdaichi/gomoqt/moqt/internal/message/subscribe_drop.go:40.59,51.2 8 3
github.com/okdaichi/gomoqt/moqt/internal/message/subscribe_drop.go:53.62,55.16 2 8
github.com/okdaichi/gomoqt/moqt/internal/message/subscribe_drop.go:55.16,57.3 1 1
github.com/okdaichi/gomoqt/moqt/internal/message/subscribe_drop.go:59.2,62.16 3 7
github.com/okdaichi/gomoqt/moqt/internal/message/subscribe_drop.go:62.16,64.3 1 1
github.com/okdaichi/gomoqt/moqt/internal/message/subscribe_drop.go:66.2,67.16 2 6
github.com/okdaichi/gomoqt/moqt/internal/message/subscribe_drop.go:67.16,69.3 1 1
github.com/okdaichi/gomoqt/moqt/internal/message/subscribe_drop.go:70.2,74.16 4 5
github.com/okdaichi/gomoqt/moqt/internal/message/subscribe_drop.go:74.16,76.3 1 1
github.com/okdaichi/gomoqt/moqt/internal/message/subscribe_drop.go:77.2,81.16 4 4
github.com/okdaichi/gomoqt/moqt/internal/message/subscribe_drop.go:81.16,83.3 1 0
github.com/okdaichi/gomoqt/moqt/internal/message/subscribe_drop.go:84.2,87.17 3 4
github.com/okdaichi/gomoqt/moqt/internal/message/subscribe_drop.go:87.17,89.3 1 1
github.com/okdaichi/gomoqt/moqt/internal/message/subscribe_drop.go:91.2,91.12 1 3
github.com/okdaichi/gomoqt/moqt/internal/message/subscribe_ok.go:22.41,32.2 7 1
github.com/okdaichi/gomoqt/moqt/internal/message/subscribe_ok.go:34.57,48.2 10 1
github.com/okdaichi/gomoqt/moqt/internal/message/subscribe_ok.go:50.60,52.16 2 4
github.com/okdaichi/gomoqt/moqt/internal/message/subscribe_ok.go:52.16,54.3 1 2
github.com/okdaichi/gomoqt/moqt/internal/message/subscribe_ok.go:56.2,58.16 3 2
github.com/okdaichi/gomoqt/moqt/internal/message/subscribe_ok.go:58.16,60.3 1 0
github.com/okdaichi/gomoqt/moqt/internal/message/subscribe_ok.go:62.2,62.16 1 2
github.com/okdaichi/gomoqt/moqt/internal/message/subscribe_ok.go:62.16,64.3 1 0
github.com/okdaichi/gomoqt/moqt/internal/message/subscribe_ok.go:65.2,70.16 5 2
github.com/okdaichi/gomoqt/moqt/internal/message/subscribe_ok.go:70.16,72.3 1 0
github.com/okdaichi/gomoqt/moqt/internal/message/subscribe_ok.go:73.2,77.16 4 2
github.com/okdaichi/gomoqt/moqt/internal/message/subscribe_ok.go:77.16,79.3 1 0
github.com/okdaichi/gomoqt/moqt/internal/message/subscribe_ok.go:80.2,84.16 4 2
github.com/okdaichi/gomoqt/moqt/internal/message/subscribe_ok.go:84.16,86.3 1 0
github.com/okdaichi/gomoqt/moqt/internal/message/subscribe_ok.go:87.2,90.17 3 2
github.com/okdaichi/gomoqt/moqt/internal/message/subscribe_ok.go:90.17,92.3 1 0
github.com/okdaichi/gomoqt/moqt/internal/message/subscribe_ok.go:94.2,94.12 1 2
github.com/okdaichi/gomoqt/moqt/internal/message/subscribe_update.go:17.44,27.2 7 3
github.com/okdaichi/gomoqt/moqt/internal/message/subscribe_update.go:29.60,43.2 10 3
github.com/okdaichi/gomoqt/moqt/internal/message/subscribe_update.go:45.64,47.16 2 9
github.com/okdaichi/gomoqt/moqt/internal/message/subscribe_update.go:47.16,49.3 1 3
github.com/okdaichi/gomoqt/moqt/internal/message/subscribe_update.go:51.2,54.16 3 6
github.com/okdaichi/gomoqt/moqt/internal/message/subscribe_update.go:54.16,56.3 1 2
github.com/okdaichi/gomoqt/moqt/internal/message/subscribe_update.go:58.2,58.16 1 4
github.com/okdaichi/gomoqt/moqt/internal/message/subscribe_update.go:58.16,60.3 1 0
github.com/okdaichi/gomoqt/moqt/internal/message/subscribe_update.go:61.2,66.16 5 4
github.com/okdaichi/gomoqt/moqt/internal/message/subscribe_update.go:66.16,68.3 1 0
github.com/okdaichi/gomoqt/moqt/internal/message/subscribe_update.go:69.2,73.16 4 4
github.com/okdaichi/gomoqt/moqt/internal/message/subscribe_update.go:73.16,75.3 1 0
github.com/okdaichi/gomoqt/moqt/internal/message/subscribe_update.go:76.2,80.16 4 4
github.com/okdaichi/gomoqt/moqt/internal/message/subscribe_update.go:80.16,82.3 1 1
github.com/okdaichi/gomoqt/moqt/internal/message/subscribe_update.go:83.2,86.17 3 3
github.com/okdaichi/gomoqt/moqt/internal/message/subscribe_update.go:86.17,88.3 1 0
github.com/okdaichi/gomoqt/moqt/internal/message/subscribe_update.go:90.2,90.12 1 3
github.com/okdaichi/gomoqt/moqt/internal/webtransportgo/dialer.go:12.143,20.2 3 1
github.com/okdaichi/gomoqt/moqt/internal/webtransportgo/server.go:22.25,23.23 1 6
github.com/okdaichi/gomoqt/moqt/internal/webtransportgo/server.go:23.23,24.30 1 6
github.com/okdaichi/gomoqt/moqt/internal/webtransportgo/server.go:24.30,28.4 1 6
github.com/okdaichi/gomoqt/moqt/internal/webtransportgo/server.go:29.3,29.33 1 6
github.com/okdaichi/gomoqt/moqt/internal/webtransportgo/server.go:29.33,31.4 1 0
github.com/okdaichi/gomoqt/moqt/internal/webtransportgo/server.go:32.3,32.102 1 6
github.com/okdaichi/gomoqt/moqt/internal/webtransportgo/server.go:32.102,33.48 1 0
github.com/okdaichi/gomoqt/moqt/internal/webtransportgo/server.go:33.48,35.5 1 0
github.com/okdaichi/gomoqt/moqt/internal/webtransportgo/server.go:36.4,36.14 1 0
github.com/okdaichi/gomoqt/moqt/internal/webtransportgo/server.go:41.65,43.17 2 2
github.com/okdaichi/gomoqt/moqt/internal/webtransportgo/server.go:43.17,45.3 1 1
github.com/okdaichi/gomoqt/moqt/internal/webtransportgo/server.go:46.2,46.49 1 1
github.com/okdaichi/gomoqt/moqt/internal/webtransportgo/server.go:46.49,51.3 4 0
github.com/okdaichi/gomoqt/moqt/internal/webtransportgo/server.go:52.2,52.74 1 1
github.com/okdaichi/gomoqt/moqt/internal/webtransportgo/server.go:59.51,63.2 2 0
github.com/okdaichi/gomoqt/moqt/internal/webtransportgo/server.go:65.32,66.29 1 0
github.com/okdaichi/gomoqt/moqt/internal/webtransportgo/server.go:66.29,68.3 1 0
github.com/okdaichi/gomoqt/moqt/internal/webtransportgo/server.go:69.2,69.12 1 0
github.com/okdaichi/gomoqt/moqt/internal/webtransportgo/server.go:72.54,77.12 2 2
github.com/okdaichi/gomoqt/moqt/internal/webtransportgo/server.go:77.12,78.30 1 2
github.com/okdaichi/gomoqt/moqt/internal/webtransportgo/server.go:78.30,80.4 1 2
github.com/okdaichi/gomoqt/moqt/internal/webtransportgo/server.go:81.3,81.17 1 2
github.com/okdaichi/gomoqt/moqt/internal/webtransportgo/server.go:85.2,85.9 1 2
github.com/okdaichi/gomoqt/moqt/internal/webtransportgo/server.go:86.20,87.19 1 1
github.com/okdaichi/gomoqt/moqt/internal/webtransportgo/server.go:88.17,89.13 1 1
github.com/okdaichi/gomoqt/moqt/internal/webtransportgo/session_wrapper.go:17.87,18.19 1 3
github.com/okdaichi/gomoqt/moqt/internal/webtransportgo/session_wrapper.go:18.19,20.3 1 3
github.com/okdaichi/gomoqt/moqt/internal/webtransportgo/session_wrapper.go:21.2,23.3 1 0
github.com/okdaichi/gomoqt/moqt/internal/webtransportgo/session_wrapper.go:26.89,29.2 2 0
github.com/okdaichi/gomoqt/moqt/internal/webtransportgo/session_wrapper.go:31.99,34.2 2 0
github.com/okdaichi/gomoqt/moqt/internal/webtransportgo/session_wrapper.go:36.92,38.2 1 0
github.com/okdaichi/gomoqt/moqt/internal/webtransportgo/session_wrapper.go:42.59,45.2 2 0
github.com/okdaichi/gomoqt/moqt/internal/webtransportgo/session_wrapper.go:47.55,49.2 1 0
github.com/okdaichi/gomoqt/moqt/internal/webtransportgo/session_wrapper.go:51.50,53.2 1 0
github.com/okdaichi/gomoqt/moqt/internal/webtransportgo/session_wrapper.go:55.68,58.2 2 0
github.com/okdaichi/gomoqt/moqt/internal/webtransportgo/session_wrapper.go:60.91,63.2 2 0
github.com/okdaichi/gomoqt/moqt/internal/webtransportgo/session_wrapper.go:65.75,68.2 2 0
github.com/okdaichi/gomoqt/moqt/internal/webtransportgo/session_wrapper.go:70.51,72.2 1 0
github.com/okdaichi/gomoqt/moqt/internal/webtransportgo/session_wrapper.go:74.50,76.2 1 0
github.com/okdaichi/gomoqt/moqt/internal/webtransportgo/session_wrapper.go:78.68,80.2 1 0
github.com/okdaichi/gomoqt/moqt/internal/webtransportgo/stream_wrapper.go:17.58,19.2 1 0
github.com/okdaichi/gomoqt/moqt/internal/webtransportgo/stream_wrapper.go:21.59,23.2 1 0
github.com/okdaichi/gomoqt/moqt/internal/webtransportgo/stream_wrapper.go:25.73,27.2 1 0
github.com/okdaichi/gomoqt/moqt/internal/webtransportgo/stream_wrapper.go:29.74,31.2 1 0
github.com/okdaichi/gomoqt/moqt/internal/webtransportgo/stream_wrapper.go:33.64,35.2 1 0
github.com/okdaichi/gomoqt/moqt/internal/webtransportgo/stream_wrapper.go:37.68,39.2 1 0
github.com/okdaichi/gomoqt/moqt/internal/webtransportgo/stream_wrapper.go:41.69,43.2 1 0
github.com/okdaichi/gomoqt/moqt/internal/webtransportgo/stream_wrapper.go:45.44,47.2 1 0
github.com/okdaichi/gomoqt/moqt/internal/webtransportgo/stream_wrapper.go:49.56,51.2 1 0
github.com/okdaichi/gomoqt/moqt/internal/webtransportgo/stream_wrapper.go:59.65,61.2 1 0
github.com/okdaichi/gomoqt/moqt/internal/webtransportgo/stream_wrapper.go:63.80,65.2 1 0
github.com/okdaichi/gomoqt/moqt/internal/webtransportgo/stream_wrapper.go:67.75,69.2 1 0
github.com/okdaichi/gomoqt/moqt/internal/webtransportgo/stream_wrapper.go:77.63,79.2 1 0
github.com/okdaichi/gomoqt/moqt/internal/webtransportgo/stream_wrapper.go:81.78,83.2 1 0
github.com/okdaichi/gomoqt/moqt/internal/webtransportgo/stream_wrapper.go:85.73,87.2 1 0
github.com/okdaichi/gomoqt/moqt/internal/webtransportgo/stream_wrapper.go:89.48,91.2 1 0
github.com/okdaichi/gomoqt/moqt/internal/webtransportgo/stream_wrapper.go:93.60,95.2 1 0
github.com/okdaichi/gomoqt/moqt/internal/webtransportgo/upgrader.go:17.107,25.2 3 1
github.com/okdaichi/gomoqt/moqt/announcement.go:21.100,22.24 1 2022
github.com/okdaichi/gomoqt/moqt/announcement.go:22.24,23.62 1 4
github.com/okdaichi/gomoqt/moqt/announcement.go:26.2,30.22 2 2018
github.com/okdaichi/gomoqt/moqt/announcement.go:30.22,32.3 1 1
github.com/okdaichi/gomoqt/moqt/announcement.go:32.8,34.3 1 2017
github.com/okdaichi/gomoqt/moqt/announcement.go:35.2,35.20 1 2018
github.com/okdaichi/gomoqt/moqt/announcement.go:35.20,35.33 1 659
github.com/okdaichi/gomoqt/moqt/announcement.go:37.2,39.21 2 2018
github.com/okdaichi/gomoqt/moqt/announcement.go:68.40,73.18 5 5
github.com/okdaichi/gomoqt/moqt/announcement.go:73.18,75.3 1 3
github.com/okdaichi/gomoqt/moqt/announcement.go:75.8,77.3 1 2
github.com/okdaichi/gomoqt/moqt/announcement.go:78.2,82.20 5 5
github.com/okdaichi/gomoqt/moqt/announcement.go:88.54,90.2 1 3025
github.com/okdaichi/gomoqt/moqt/announcement.go:93.35,95.2 1 1182
github.com/okdaichi/gomoqt/moqt/announcement.go:99.47,101.2 1 31
github.com/okdaichi/gomoqt/moqt/announcement.go:109.63,112.22 2 2588
github.com/okdaichi/gomoqt/moqt/announcement.go:112.22,116.22 3 3
github.com/okdaichi/gomoqt/moqt/announcement.go:116.22,116.38 1 1
github.com/okdaichi/gomoqt/moqt/announcement.go:119.2,119.28 1 2585
github.com/okdaichi/gomoqt/moqt/announcement.go:119.28,122.3 1 1949
github.com/okdaichi/gomoqt/moqt/announcement.go:123.2,129.21 4 2585
github.com/okdaichi/gomoqt/moqt/announcement.go:129.21,132.62 3 840
github.com/okdaichi/gomoqt/moqt/announcement.go:132.62,134.4 1 1
github.com/okdaichi/gomoqt/moqt/announcement.go:135.3,135.36 1 839
github.com/okdaichi/gomoqt/moqt/announcement.go:135.36,138.4 2 839
github.com/okdaichi/gomoqt/moqt/announcement.go:139.3,139.15 1 0
github.com/okdaichi/gomoqt/moqt/announcement.go:145.40,147.2 1 2016
github.com/okdaichi/gomoqt/moqt/announcement.go:149.30,151.19 1 664
github.com/okdaichi/gomoqt/moqt/announcement.go:151.19,163.30 7 657
github.com/okdaichi/gomoqt/moqt/announcement.go:163.30,164.16 1 743
github.com/okdaichi/gomoqt/moqt/announcement.go:164.16,166.5 1 739
github.com/okdaichi/gomoqt/moqt/announcement.go:170.3,170.24 1 657
github.com/okdaichi/gomoqt/moqt/announcement.go:170.24,172.37 1 652
github.com/okdaichi/gomoqt/moqt/announcement.go:172.37,173.23 1 624
github.com/okdaichi/gomoqt/moqt/announcement.go:173.23,175.6 1 620
github.com/okdaichi/gomoqt/moqt/announcement.go:177.9,184.37 3 5
github.com/okdaichi/gomoqt/moqt/announcement.go:184.37,185.23 1 119
github.com/okdaichi/gomoqt/moqt/announcement.go:185.23,187.6 1 119
github.com/okdaichi/gomoqt/moqt/announcement.go:190.4,195.31 4 5
github.com/okdaichi/gomoqt/moqt/announcement.go:195.31,199.30 3 35
github.com/okdaichi/gomoqt/moqt/announcement.go:199.30,200.11 1 1
github.com/okdaichi/gomoqt/moqt/announcement.go:203.5,203.32 1 34
github.com/okdaichi/gomoqt/moqt/announcement.go:203.32,204.33 1 34
github.com/okdaichi/gomoqt/moqt/announcement.go:204.33,207.7 2 119
github.com/okdaichi/gomoqt/moqt/announcement.go:211.4,211.13 1 5
github.com/okdaichi/gomoqt/moqt/announcement.go:215.3,215.14 1 657
github.com/okdaichi/gomoqt/moqt/announcement_reader.go:12.111,13.28 1 30
github.com/okdaichi/gomoqt/moqt/announcement_reader.go:13.28,14.49 1 2
github.com/okdaichi/gomoqt/moqt/announcement_reader.go:17.2,26.38 2 28
github.com/okdaichi/gomoqt/moqt/announcement_reader.go:26.38,30.3 3 14
github.com/okdaichi/gomoqt/moqt/announcement_reader.go:33.2,33.12 1 28
github.com/okdaichi/gomoqt/moqt/announcement_reader.go:33.12,37.7 3 28
github.com/okdaichi/gomoqt/moqt/announcement_reader.go:37.7,39.18 2 43
github.com/okdaichi/gomoqt/moqt/announcement_reader.go:39.18,41.5 1 18
github.com/okdaichi/gomoqt/moqt/announcement_reader.go:44.4,44.29 1 18
github.com/okdaichi/gomoqt/moqt/announcement_reader.go:45.24,46.5 1 16
github.com/okdaichi/gomoqt/moqt/announcement_reader.go:46.5,50.13 3 16
github.com/okdaichi/gomoqt/moqt/announcement_reader.go:50.13,52.20 2 16
github.com/okdaichi/gomoqt/moqt/announcement_reader.go:52.20,54.8 1 16
github.com/okdaichi/gomoqt/moqt/announcement_reader.go:55.7,56.33 2 16
github.com/okdaichi/gomoqt/moqt/announcement_reader.go:56.33,60.15 4 14
github.com/okdaichi/gomoqt/moqt/announcement_reader.go:61.42,61.42 0 9
github.com/okdaichi/gomoqt/moqt/announcement_reader.go:62.16,62.16 0 5
github.com/okdaichi/gomoqt/moqt/announcement_reader.go:64.8,64.14 1 14
github.com/okdaichi/gomoqt/moqt/announcement_reader.go:66.7,66.25 1 2
github.com/okdaichi/gomoqt/moqt/announcement_reader.go:69.6,69.21 1 16
github.com/okdaichi/gomoqt/moqt/announcement_reader.go:69.21,72.7 2 2
github.com/okdaichi/gomoqt/moqt/announcement_reader.go:74.23,75.5 1 2
github.com/okdaichi/gomoqt/moqt/announcement_reader.go:75.5,78.13 3 2
github.com/okdaichi/gomoqt/moqt/announcement_reader.go:78.13,80.20 2 2
github.com/okdaichi/gomoqt/moqt/announcement_reader.go:80.20,82.8 1 2
github.com/okdaichi/gomoqt/moqt/announcement_reader.go:83.7,84.31 2 2
github.com/okdaichi/gomoqt/moqt/announcement_reader.go:84.31,88.8 3 1
github.com/okdaichi/gomoqt/moqt/announcement_reader.go:90.6,90.17 1 2
github.com/okdaichi/gomoqt/moqt/announcement_reader.go:90.17,91.15 1 1
github.com/okdaichi/gomoqt/moqt/announcement_reader.go:93.6,94.12 2 1
github.com/okdaichi/gomoqt/moqt/announcement_reader.go:96.12,98.11 2 0
github.com/okdaichi/gomoqt/moqt/announcement_reader.go:103.2,103.11 1 28
github.com/okdaichi/gomoqt/moqt/announcement_reader.go:126.96,127.6 1 22
github.com/okdaichi/gomoqt/moqt/announcement_reader.go:127.6,130.28 2 23
github.com/okdaichi/gomoqt/moqt/announcement_reader.go:130.28,137.4 4 17
github.com/okdaichi/gomoqt/moqt/announcement_reader.go:139.3,139.27 1 6
github.com/okdaichi/gomoqt/moqt/announcement_reader.go:139.27,142.4 2 1
github.com/okdaichi/gomoqt/moqt/announcement_reader.go:144.3,148.10 3 5
github.com/okdaichi/gomoqt/moqt/announcement_reader.go:149.21,150.25 1 4
github.com/okdaichi/gomoqt/moqt/announcement_reader.go:151.25,152.30 1 0
github.com/okdaichi/gomoqt/moqt/announcement_reader.go:153.21,155.12 1 1
github.com/okdaichi/gomoqt/moqt/announcement_reader.go:161.91,162.46 1 0
github.com/okdaichi/gomoqt/moqt/announcement_reader.go:162.46,163.7 1 0
github.com/okdaichi/gomoqt/moqt/announcement_reader.go:163.7,165.18 2 0
github.com/okdaichi/gomoqt/moqt/announcement_reader.go:165.18,167.5 1 0
github.com/okdaichi/gomoqt/moqt/announcement_reader.go:169.4,169.19 1 0
github.com/okdaichi/gomoqt/moqt/announcement_reader.go:169.19,171.5 1 0
github.com/okdaichi/gomoqt/moqt/announcement_reader.go:178.46,182.26 3 5
github.com/okdaichi/gomoqt/moqt/announcement_reader.go:182.26,184.3 1 1
github.com/okdaichi/gomoqt/moqt/announcement_reader.go:186.2,186.28 1 4
github.com/okdaichi/gomoqt/moqt/announcement_reader.go:186.28,189.3 2 4
github.com/okdaichi/gomoqt/moqt/announcement_reader.go:191.2,191.27 1 4
github.com/okdaichi/gomoqt/moqt/announcement_reader.go:197.71,201.28 3 6
github.com/okdaichi/gomoqt/moqt/announcement_reader.go:201.28,204.3 2 5
github.com/okdaichi/gomoqt/moqt/announcement_reader.go:206.2,206.68 1 6
github.com/okdaichi/gomoqt/moqt/announcement_reader.go:210.58,211.34 1 2
github.com/okdaichi/gomoqt/moqt/announcement_reader.go:211.34,215.3 3 0
github.com/okdaichi/gomoqt/moqt/announcement_reader.go:216.2,216.16 1 2
github.com/okdaichi/gomoqt/moqt/announcement_writer.go:14.109,15.28 1 63
github.com/okdaichi/gomoqt/moqt/announcement_writer.go:15.28,16.49 1 0
github.com/okdaichi/gomoqt/moqt/announcement_writer.go:19.2,28.12 2 63
github.com/okdaichi/gomoqt/moqt/announcement_writer.go:47.76,48.29 1 0
github.com/okdaichi/gomoqt/moqt/announcement_writer.go:48.29,50.3 1 0
github.com/okdaichi/gomoqt/moqt/announcement_writer.go:51.2,51.22 1 0
github.com/okdaichi/gomoqt/moqt/announcement_writer.go:51.22,53.3 1 0
github.com/okdaichi/gomoqt/moqt/announcement_writer.go:58.84,60.24 2 56
github.com/okdaichi/gomoqt/moqt/announcement_writer.go:60.24,63.26 2 55
github.com/okdaichi/gomoqt/moqt/announcement_writer.go:63.26,69.4 5 0
github.com/okdaichi/gomoqt/moqt/announcement_writer.go:71.3,73.34 2 55
github.com/okdaichi/gomoqt/moqt/announcement_writer.go:73.34,74.23 1 22
github.com/okdaichi/gomoqt/moqt/announcement_writer.go:74.23,75.13 1 1
github.com/okdaichi/gomoqt/moqt/announcement_writer.go:77.4,78.11 2 21
github.com/okdaichi/gomoqt/moqt/announcement_writer.go:78.11,79.13 1 1
github.com/okdaichi/gomoqt/moqt/announcement_writer.go:82.4,82.57 1 20
github.com/okdaichi/gomoqt/moqt/announcement_writer.go:85.3,89.36 4 55
github.com/okdaichi/gomoqt/moqt/announcement_writer.go:89.36,95.18 2 18
github.com/okdaichi/gomoqt/moqt/announcement_writer.go:95.18,96.69 1 4
github.com/okdaichi/gomoqt/moqt/announcement_writer.go:96.69,98.6 1 2
github.com/okdaichi/gomoqt/moqt/announcement_writer.go:99.5,102.11 4 4
github.com/okdaichi/gomoqt/moqt/announcement_writer.go:105.4,107.18 3 14
github.com/okdaichi/gomoqt/moqt/announcement_writer.go:111.2,113.16 3 56
github.com/okdaichi/gomoqt/moqt/announcement_writer.go:113.16,115.3 1 4
github.com/okdaichi/gomoqt/moqt/announcement_writer.go:116.2,116.19 1 52
github.com/okdaichi/gomoqt/moqt/announcement_writer.go:122.81,123.31 1 1175
github.com/okdaichi/gomoqt/moqt/announcement_writer.go:123.31,127.44 4 370
github.com/okdaichi/gomoqt/moqt/announcement_writer.go:127.44,133.18 3 370
github.com/okdaichi/gomoqt/moqt/announcement_writer.go:133.18,135.5 1 0
github.com/okdaichi/gomoqt/moqt/announcement_writer.go:139.2,139.31 1 1175
github.com/okdaichi/gomoqt/moqt/announcement_writer.go:139.31,140.14 1 322
github.com/okdaichi/gomoqt/moqt/announcement_writer.go:140.14,142.4 1 0
github.com/okdaichi/gomoqt/moqt/announcement_writer.go:143.3,149.36 4 322
github.com/okdaichi/gomoqt/moqt/announcement_writer.go:149.36,151.4 1 0
github.com/okdaichi/gomoqt/moqt/announcement_writer.go:157.82,159.9 1 1174
github.com/okdaichi/gomoqt/moqt/announcement_writer.go:160.21,160.21 0 1174
github.com/okdaichi/gomoqt/moqt/announcement_writer.go:162.23,163.23 1 0
github.com/okdaichi/gomoqt/moqt/announcement_writer.go:166.2,169.20 4 1174
github.com/okdaichi/gomoqt/moqt/announcement_writer.go:169.20,171.3 1 1
github.com/okdaichi/gomoqt/moqt/announcement_writer.go:173.2,173.30 1 1173
github.com/okdaichi/gomoqt/moqt/announcement_writer.go:173.30,175.3 1 6
github.com/okdaichi/gomoqt/moqt/announcement_writer.go:178.2,179.9 2 1167
github.com/okdaichi/gomoqt/moqt/announcement_writer.go:179.9,181.3 1 2
github.com/okdaichi/gomoqt/moqt/announcement_writer.go:183.2,186.51 3 1165
github.com/okdaichi/gomoqt/moqt/announcement_writer.go:186.51,189.3 2 1
github.com/okdaichi/gomoqt/moqt/announcement_writer.go:193.2,194.33 2 1164
github.com/okdaichi/gomoqt/moqt/announcement_writer.go:194.33,196.3 1 320
github.com/okdaichi/gomoqt/moqt/announcement_writer.go:197.2,199.20 2 1164
github.com/okdaichi/gomoqt/moqt/announcement_writer.go:199.20,201.3 1 320
github.com/okdaichi/gomoqt/moqt/announcement_writer.go:203.2,212.16 4 1164
github.com/okdaichi/gomoqt/moqt/announcement_writer.go:212.16,213.67 1 3
github.com/okdaichi/gomoqt/moqt/announcement_writer.go:213.67,217.4 1 2
github.com/okdaichi/gomoqt/moqt/announcement_writer.go:219.3,219.13 1 1
github.com/okdaichi/gomoqt/moqt/announcement_writer.go:222.2,225.12 3 1161
github.com/okdaichi/gomoqt/moqt/announcement_writer.go:229.45,233.36 3 6
github.com/okdaichi/gomoqt/moqt/announcement_writer.go:233.36,234.24 1 1
github.com/okdaichi/gomoqt/moqt/announcement_writer.go:234.24,236.4 1 1
github.com/okdaichi/gomoqt/moqt/announcement_writer.go:238.2,242.35 3 6
github.com/okdaichi/gomoqt/moqt/announcement_writer.go:242.35,244.3 1 1
github.com/okdaichi/gomoqt/moqt/announcement_writer.go:246.2,246.26 1 6
github.com/okdaichi/gomoqt/moqt/announcement_writer.go:250.76,254.36 3 6
github.com/okdaichi/gomoqt/moqt/announcement_writer.go:254.36,255.24 1 2
github.com/okdaichi/gomoqt/moqt/announcement_writer.go:255.24,257.4 1 1
github.com/okdaichi/gomoqt/moqt/announcement_writer.go:259.2,263.35 3 6
github.com/okdaichi/gomoqt/moqt/announcement_writer.go:263.35,265.3 1 1
github.com/okdaichi/gomoqt/moqt/announcement_writer.go:267.2,269.12 2 6
github.com/okdaichi/gomoqt/moqt/announcement_writer.go:273.57,274.32 1 36
github.com/okdaichi/gomoqt/moqt/announcement_writer.go:274.32,278.3 3 0
github.com/okdaichi/gomoqt/moqt/announcement_writer.go:279.2,279.15 1 36
github.com/okdaichi/gomoqt/moqt/broadcast.go:20.32,24.2 1 6
github.com/okdaichi/gomoqt/moqt/broadcast.go:26.34,27.28 1 4
github.com/okdaichi/gomoqt/moqt/broadcast.go:27.28,29.3 1 0
github.com/okdaichi/gomoqt/moqt/broadcast.go:35.74,36.14 1 7
github.com/okdaichi/gomoqt/moqt/broadcast.go:36.14,38.3 1 0
github.com/okdaichi/gomoqt/moqt/broadcast.go:39.2,39.16 1 7
github.com/okdaichi/gomoqt/moqt/broadcast.go:39.16,41.3 1 1
github.com/okdaichi/gomoqt/moqt/broadcast.go:42.2,42.54 1 6
github.com/okdaichi/gomoqt/moqt/broadcast.go:42.54,44.3 1 2
github.com/okdaichi/gomoqt/moqt/broadcast.go:46.2,54.21 7 4
github.com/okdaichi/gomoqt/moqt/broadcast.go:54.21,56.3 1 1
github.com/okdaichi/gomoqt/moqt/broadcast.go:58.2,58.12 1 4
github.com/okdaichi/gomoqt/moqt/broadcast.go:63.49,64.28 1 1
github.com/okdaichi/gomoqt/moqt/broadcast.go:64.28,66.3 1 0
github.com/okdaichi/gomoqt/moqt/broadcast.go:68.2,70.8 3 1
github.com/okdaichi/gomoqt/moqt/broadcast.go:70.8,72.3 1 1
github.com/okdaichi/gomoqt/moqt/broadcast.go:73.2,75.18 2 1
github.com/okdaichi/gomoqt/moqt/broadcast.go:75.18,77.3 1 1
github.com/okdaichi/gomoqt/moqt/broadcast.go:79.2,79.11 1 1
github.com/okdaichi/gomoqt/moqt/broadcast.go:84.29,85.14 1 0
github.com/okdaichi/gomoqt/moqt/broadcast.go:85.14,87.3 1 0
github.com/okdaichi/gomoqt/moqt/broadcast.go:89.2,91.43 3 0
github.com/okdaichi/gomoqt/moqt/broadcast.go:91.43,94.3 2 0
github.com/okdaichi/gomoqt/moqt/broadcast.go:95.2,97.32 2 0
github.com/okdaichi/gomoqt/moqt/broadcast.go:97.32,99.3 1 0
github.com/okdaichi/gomoqt/moqt/broadcast.go:104.58,105.28 1 4
github.com/okdaichi/gomoqt/moqt/broadcast.go:105.28,107.3 1 0
github.com/okdaichi/gomoqt/moqt/broadcast.go:109.2,112.8 4 4
github.com/okdaichi/gomoqt/moqt/broadcast.go:112.8,114.3 1 4
github.com/okdaichi/gomoqt/moqt/broadcast.go:116.2,116.29 1 0
github.com/okdaichi/gomoqt/moqt/broadcast.go:121.49,122.15 1 4
github.com/okdaichi/gomoqt/moqt/broadcast.go:122.15,124.3 1 0
github.com/okdaichi/gomoqt/moqt/broadcast.go:126.2,126.40 1 4
github.com/okdaichi/gomoqt/moqt/broadcast.go:129.55,130.20 1 6
github.com/okdaichi/gomoqt/moqt/broadcast.go:130.20,132.3 1 1
github.com/okdaichi/gomoqt/moqt/broadcast.go:133.2,133.57 1 5
github.com/okdaichi/gomoqt/moqt/broadcast.go:133.57,135.3 1 1
github.com/okdaichi/gomoqt/moqt/broadcast.go:136.2,136.12 1 4
github.com/okdaichi/gomoqt/moqt/broadcast.go:147.68,152.2 1 4
github.com/okdaichi/gomoqt/moqt/broadcast.go:154.57,155.15 1 4
github.com/okdaichi/gomoqt/moqt/broadcast.go:155.15,157.3 1 0
github.com/okdaichi/gomoqt/moqt/broadcast.go:158.2,158.25 1 4
github.com/okdaichi/gomoqt/moqt/broadcast.go:158.25,161.3 2 0
github.com/okdaichi/gomoqt/moqt/broadcast.go:162.2,163.26 2 4
github.com/okdaichi/gomoqt/moqt/broadcast.go:166.37,168.15 2 2
github.com/okdaichi/gomoqt/moqt/broadcast.go:168.15,171.3 2 0
github.com/okdaichi/gomoqt/moqt/broadcast.go:172.2,174.27 3 2
github.com/okdaichi/gomoqt/moqt/broadcast.go:174.27,176.3 1 2
github.com/okdaichi/gomoqt/moqt/broadcast.go:177.2,180.28 3 2
github.com/okdaichi/gomoqt/moqt/broadcast.go:180.28,182.3 1 2
github.com/okdaichi/gomoqt/moqt/broadcast.go:185.64,188.15 3 4
github.com/okdaichi/gomoqt/moqt/broadcast.go:188.15,190.3 1 0
github.com/okdaichi/gomoqt/moqt/broadcast.go:191.2,191.21 1 4
github.com/okdaichi/gomoqt/moqt/broadcast.go:191.21,193.3 1 0
github.com/okdaichi/gomoqt/moqt/broadcast.go:194.2,195.13 2 4
github.com/okdaichi/gomoqt/moqt/broadcast.go:198.57,202.2 3 4
github.com/okdaichi/gomoqt/moqt/broadcast_path.go:12.41,14.2 1 15
github.com/okdaichi/gomoqt/moqt/broadcast_path.go:17.55,19.27 1 1214
github.com/okdaichi/gomoqt/moqt/broadcast_path.go:19.27,21.3 1 8
github.com/okdaichi/gomoqt/moqt/broadcast_path.go:22.2,22.46 1 1206
github.com/okdaichi/gomoqt/moqt/broadcast_path.go:27.65,28.27 1 1196
github.com/okdaichi/gomoqt/moqt/broadcast_path.go:28.27,30.3 1 7
github.com/okdaichi/gomoqt/moqt/broadcast_path.go:32.2,32.53 1 1189
github.com/okdaichi/gomoqt/moqt/broadcast_path.go:36.44,37.53 1 7
github.com/okdaichi/gomoqt/moqt/broadcast_path.go:37.53,39.3 1 5
github.com/okdaichi/gomoqt/moqt/broadcast_path.go:41.2,41.11 1 2
github.com/okdaichi/gomoqt/moqt/broadcast_path.go:45.58,47.2 1 16
github.com/okdaichi/gomoqt/moqt/config.go:15.47,16.36 1 11
github.com/okdaichi/gomoqt/moqt/config.go:16.36,18.3 1 8
github.com/okdaichi/gomoqt/moqt/config.go:19.2,19.24 1 3
github.com/okdaichi/gomoqt/moqt/config.go:23.34,24.14 1 3
github.com/okdaichi/gomoqt/moqt/config.go:24.14,26.3 1 0
github.com/okdaichi/gomoqt/moqt/config.go:27.2,29.3 1 3
github.com/okdaichi/gomoqt/moqt/conn_manager.go:16.36,20.2 1 22
github.com/okdaichi/gomoqt/moqt/conn_manager.go:22.48,23.17 1 11
github.com/okdaichi/gomoqt/moqt/conn_manager.go:23.17,25.3 1 1
github.com/okdaichi/gomoqt/moqt/conn_manager.go:26.2,28.14 3 10
github.com/okdaichi/gomoqt/moqt/conn_manager.go:28.14,30.3 1 1
github.com/okdaichi/gomoqt/moqt/conn_manager.go:31.2,31.29 1 9
github.com/okdaichi/gomoqt/moqt/conn_manager.go:31.29,33.3 1 6
github.com/okdaichi/gomoqt/moqt/conn_manager.go:34.2,34.34 1 9
github.com/okdaichi/gomoqt/moqt/conn_manager.go:37.51,40.14 3 6
github.com/okdaichi/gomoqt/moqt/conn_manager.go:40.14,42.3 1 0
github.com/okdaichi/gomoqt/moqt/conn_manager.go:43.2,45.29 2 6
github.com/okdaichi/gomoqt/moqt/conn_manager.go:45.29,46.24 1 4
github.com/okdaichi/gomoqt/moqt/conn_manager.go:46.24,49.4 2 3
github.com/okdaichi/gomoqt/moqt/conn_manager.go:53.43,57.2 3 8
github.com/okdaichi/gomoqt/moqt/conn_manager.go:59.46,62.23 3 6
github.com/okdaichi/gomoqt/moqt/conn_manager.go:62.23,66.3 3 3
github.com/okdaichi/gomoqt/moqt/conn_manager.go:67.2,67.19 1 3
github.com/okdaichi/gomoqt/moqt/conn_manager.go:70.37,73.14 3 5
github.com/okdaichi/gomoqt/moqt/conn_manager.go:73.14,75.3 1 1
github.com/okdaichi/gomoqt/moqt/conn_manager.go:76.2,76.29 1 4
github.com/okdaichi/gomoqt/moqt/conn_manager.go:76.29,78.3 1 1
github.com/okdaichi/gomoqt/moqt/conn_manager.go:79.2,80.12 2 3
github.com/okdaichi/gomoqt/moqt/context.go:22.39,25.69 2 16
github.com/okdaichi/gomoqt/moqt/context.go:25.69,27.9 2 6
github.com/okdaichi/gomoqt/moqt/context.go:27.9,28.14 1 4
github.com/okdaichi/gomoqt/moqt/context.go:29.36,32.6 1 1
github.com/okdaichi/gomoqt/moqt/context.go:33.37,36.6 1 1
github.com/okdaichi/gomoqt/moqt/context.go:37.33,40.6 1 1
github.com/okdaichi/gomoqt/moqt/context.go:41.33,44.6 1 1
github.com/okdaichi/gomoqt/moqt/context.go:47.4,47.17 1 0
github.com/okdaichi/gomoqt/moqt/context.go:50.3,51.9 2 2
github.com/okdaichi/gomoqt/moqt/context.go:51.9,52.14 1 1
github.com/okdaichi/gomoqt/moqt/context.go:53.33,56.6 1 1
github.com/okdaichi/gomoqt/moqt/context.go:60.3,60.16 1 1
github.com/okdaichi/gomoqt/moqt/context.go:63.2,63.74 1 10
github.com/okdaichi/gomoqt/moqt/context.go:63.74,67.3 1 1
github.com/okdaichi/gomoqt/moqt/context.go:69.2,69.15 1 9
github.com/okdaichi/gomoqt/moqt/dialer.go:51.92,53.16 2 3
github.com/okdaichi/gomoqt/moqt/dialer.go:53.16,55.3 1 0
github.com/okdaichi/gomoqt/moqt/dialer.go:58.2,58.26 1 3
github.com/okdaichi/gomoqt/moqt/dialer.go:59.15,60.70 1 1
github.com/okdaichi/gomoqt/moqt/dialer.go:61.14,62.62 1 1
github.com/okdaichi/gomoqt/moqt/dialer.go:63.10,64.31 1 1
github.com/okdaichi/gomoqt/moqt/dialer.go:71.108,73.21 2 3
github.com/okdaichi/gomoqt/moqt/dialer.go:73.21,75.3 1 0
github.com/okdaichi/gomoqt/moqt/dialer.go:75.8,77.3 1 3
github.com/okdaichi/gomoqt/moqt/dialer.go:79.2,83.35 4 3
github.com/okdaichi/gomoqt/moqt/dialer.go:83.35,85.3 1 3
github.com/okdaichi/gomoqt/moqt/dialer.go:85.8,87.3 1 0
github.com/okdaichi/gomoqt/moqt/dialer.go:88.2,89.38 2 3
github.com/okdaichi/gomoqt/moqt/dialer.go:89.38,90.17 1 3
github.com/okdaichi/gomoqt/moqt/dialer.go:90.17,92.4 1 1
github.com/okdaichi/gomoqt/moqt/dialer.go:93.3,93.36 1 3
github.com/okdaichi/gomoqt/moqt/dialer.go:96.2,97.16 2 3
github.com/okdaichi/gomoqt/moqt/dialer.go:97.16,99.3 1 1
github.com/okdaichi/gomoqt/moqt/dialer.go:101.2,108.66 3 2
github.com/okdaichi/gomoqt/moqt/dialer.go:114.100,120.22 5 2
github.com/okdaichi/gomoqt/moqt/dialer.go:120.22,122.3 1 2
github.com/okdaichi/gomoqt/moqt/dialer.go:122.8,124.3 1 0
github.com/okdaichi/gomoqt/moqt/dialer.go:125.2,125.36 1 2
github.com/okdaichi/gomoqt/moqt/dialer.go:125.36,127.3 1 2
github.com/okdaichi/gomoqt/moqt/dialer.go:129.2,130.27 2 2
github.com/okdaichi/gomoqt/moqt/dialer.go:130.27,132.3 1 2
github.com/okdaichi/gomoqt/moqt/dialer.go:132.8,134.3 1 0
github.com/okdaichi/gomoqt/moqt/dialer.go:135.2,136.16 2 2
github.com/okdaichi/gomoqt/moqt/dialer.go:136.16,138.3 1 0
github.com/okdaichi/gomoqt/moqt/dialer.go:140.2,140.66 1 2
github.com/okdaichi/gomoqt/moqt/errors.go:45.47,46.14 1 32
github.com/okdaichi/gomoqt/moqt/errors.go:47.33,48.32 1 5
github.com/okdaichi/gomoqt/moqt/errors.go:49.35,50.43 1 5
github.com/okdaichi/gomoqt/moqt/errors.go:51.38,52.41 1 5
github.com/okdaichi/gomoqt/moqt/errors.go:53.29,54.30 1 5
github.com/okdaichi/gomoqt/moqt/errors.go:55.29,56.31 1 5
github.com/okdaichi/gomoqt/moqt/errors.go:57.38,58.32 1 5
github.com/okdaichi/gomoqt/moqt/errors.go:59.10,60.12 1 2
github.com/okdaichi/gomoqt/moqt/errors.go:67.41,69.16 2 13
github.com/okdaichi/gomoqt/moqt/errors.go:69.16,71.3 1 12
github.com/okdaichi/gomoqt/moqt/errors.go:72.2,72.32 1 1
github.com/okdaichi/gomoqt/moqt/errors.go:75.64,77.2 1 20
github.com/okdaichi/gomoqt/moqt/errors.go:102.48,103.14 1 32
github.com/okdaichi/gomoqt/moqt/errors.go:104.34,105.32 1 5
github.com/okdaichi/gomoqt/moqt/errors.go:106.38,107.31 1 5
github.com/okdaichi/gomoqt/moqt/errors.go:108.37,109.31 1 5
github.com/okdaichi/gomoqt/moqt/errors.go:110.34,111.38 1 5
github.com/okdaichi/gomoqt/moqt/errors.go:112.38,113.30 1 5
github.com/okdaichi/gomoqt/moqt/errors.go:114.33,115.25 1 5
github.com/okdaichi/gomoqt/moqt/errors.go:116.10,117.12 1 2
github.com/okdaichi/gomoqt/moqt/errors.go:124.42,126.16 2 13
github.com/okdaichi/gomoqt/moqt/errors.go:126.16,128.3 1 12
github.com/okdaichi/gomoqt/moqt/errors.go:129.2,129.32 1 1
github.com/okdaichi/gomoqt/moqt/errors.go:132.67,134.2 1 20
github.com/okdaichi/gomoqt/moqt/errors.go:145.44,146.14 1 0
github.com/okdaichi/gomoqt/moqt/errors.go:147.30,148.32 1 0
github.com/okdaichi/gomoqt/moqt/errors.go:149.29,150.25 1 0
github.com/okdaichi/gomoqt/moqt/errors.go:151.10,152.12 1 0
github.com/okdaichi/gomoqt/moqt/errors.go:158.38,160.16 2 0
github.com/okdaichi/gomoqt/moqt/errors.go:160.16,162.3 1 0
github.com/okdaichi/gomoqt/moqt/errors.go:163.2,163.32 1 0
github.com/okdaichi/gomoqt/moqt/errors.go:166.55,168.2 1 0
github.com/okdaichi/gomoqt/moqt/errors.go:180.44,181.14 1 0
github.com/okdaichi/gomoqt/moqt/errors.go:182.30,183.32 1 0
github.com/okdaichi/gomoqt/moqt/errors.go:184.29,185.25 1 0
github.com/okdaichi/gomoqt/moqt/errors.go:186.34,187.31 1 0
github.com/okdaichi/gomoqt/moqt/errors.go:188.10,189.12 1 0
github.com/okdaichi/gomoqt/moqt/errors.go:195.38,197.16 2 0
github.com/okdaichi/gomoqt/moqt/errors.go:197.16,199.3 1 0
github.com/okdaichi/gomoqt/moqt/errors.go:200.2,200.32 1 0
github.com/okdaichi/gomoqt/moqt/errors.go:203.55,205.2 1 0
github.com/okdaichi/gomoqt/moqt/errors.go:231.46,232.14 1 57
github.com/okdaichi/gomoqt/moqt/errors.go:233.15,234.26 1 6
github.com/okdaichi/gomoqt/moqt/errors.go:235.32,236.32 1 6
github.com/okdaichi/gomoqt/moqt/errors.go:237.36,238.30 1 6
github.com/okdaichi/gomoqt/moqt/errors.go:239.34,240.36 1 6
github.com/okdaichi/gomoqt/moqt/errors.go:241.40,242.43 1 6
github.com/okdaichi/gomoqt/moqt/errors.go:243.33,244.37 1 6
github.com/okdaichi/gomoqt/moqt/errors.go:245.30,246.32 1 6
github.com/okdaichi/gomoqt/moqt/errors.go:247.35,248.37 1 6
github.com/okdaichi/gomoqt/moqt/errors.go:249.28,250.30 1 6
github.com/okdaichi/gomoqt/moqt/errors.go:251.10,252.12 1 3
github.com/okdaichi/gomoqt/moqt/errors.go:259.40,261.16 2 29
github.com/okdaichi/gomoqt/moqt/errors.go:261.16,263.3 1 13
github.com/okdaichi/gomoqt/moqt/errors.go:263.8,265.3 1 16
github.com/okdaichi/gomoqt/moqt/errors.go:266.2,267.16 2 29
github.com/okdaichi/gomoqt/moqt/errors.go:267.16,269.3 1 27
github.com/okdaichi/gomoqt/moqt/errors.go:270.2,270.37 1 2
github.com/okdaichi/gomoqt/moqt/errors.go:273.61,275.2 1 40
github.com/okdaichi/gomoqt/moqt/errors.go:297.44,298.14 1 37
github.com/okdaichi/gomoqt/moqt/errors.go:299.30,300.32 1 5
github.com/okdaichi/gomoqt/moqt/errors.go:301.27,302.30 1 5
github.com/okdaichi/gomoqt/moqt/errors.go:303.29,304.31 1 5
github.com/okdaichi/gomoqt/moqt/errors.go:305.34,306.36 1 5
github.com/okdaichi/gomoqt/moqt/errors.go:307.31,308.33 1 5
github.com/okdaichi/gomoqt/moqt/errors.go:309.35,310.32 1 5
github.com/okdaichi/gomoqt/moqt/errors.go:311.35,312.38 1 5
github.com/okdaichi/gomoqt/moqt/errors.go:313.10,314.12 1 2
github.com/okdaichi/gomoqt/moqt/errors.go:321.38,323.16 2 15
github.com/okdaichi/gomoqt/moqt/errors.go:323.16,325.3 1 14
github.com/okdaichi/gomoqt/moqt/errors.go:326.2,326.32 1 1
github.com/okdaichi/gomoqt/moqt/errors.go:329.55,331.2 1 23
github.com/okdaichi/gomoqt/moqt/fetch.go:22.50,23.18 1 8
github.com/okdaichi/gomoqt/moqt/fetch.go:23.18,25.3 1 6
github.com/okdaichi/gomoqt/moqt/fetch.go:26.2,26.29 1 2
github.com/okdaichi/gomoqt/moqt/fetch.go:31.71,32.16 1 2
github.com/okdaichi/gomoqt/moqt/fetch.go:32.16,33.23 1 1
github.com/okdaichi/gomoqt/moqt/fetch.go:35.2,38.11 4 1
github.com/okdaichi/gomoqt/moqt/fetch.go:43.65,44.16 1 2
github.com/okdaichi/gomoqt/moqt/fetch.go:44.16,45.23 1 1
github.com/okdaichi/gomoqt/moqt/fetch.go:47.2,50.11 4 1
github.com/okdaichi/gomoqt/moqt/fetch.go:59.71,61.2 1 4
github.com/okdaichi/gomoqt/moqt/fetch.go:63.55,64.20 1 11
github.com/okdaichi/gomoqt/moqt/fetch.go:64.20,66.3 1 2
github.com/okdaichi/gomoqt/moqt/fetch.go:67.2,67.57 1 9
github.com/okdaichi/gomoqt/moqt/fetch.go:67.57,69.3 1 3
github.com/okdaichi/gomoqt/moqt/fetch.go:70.2,70.12 1 6
github.com/okdaichi/gomoqt/moqt/fetch.go:73.88,74.50 1 7
github.com/okdaichi/gomoqt/moqt/fetch.go:74.50,76.3 1 3
github.com/okdaichi/gomoqt/moqt/fetch.go:78.2,78.15 1 4
github.com/okdaichi/gomoqt/moqt/fetch.go:78.15,79.31 1 4
github.com/okdaichi/gomoqt/moqt/fetch.go:79.31,81.4 1 2
github.com/okdaichi/gomoqt/moqt/fetch.go:83.2,84.12 2 4
github.com/okdaichi/gomoqt/moqt/frame.go:19.31,23.2 3 43
github.com/okdaichi/gomoqt/moqt/frame.go:27.25,29.2 1 2
github.com/okdaichi/gomoqt/moqt/frame.go:33.31,35.2 1 17
github.com/okdaichi/gomoqt/moqt/frame.go:37.31,40.19 3 49
github.com/okdaichi/gomoqt/moqt/frame.go:40.19,43.3 2 6
github.com/okdaichi/gomoqt/moqt/frame.go:44.2,44.15 1 49
github.com/okdaichi/gomoqt/moqt/frame.go:49.34,50.38 1 40
github.com/okdaichi/gomoqt/moqt/frame.go:50.38,54.3 2 6
github.com/okdaichi/gomoqt/moqt/frame.go:56.2,56.31 1 40
github.com/okdaichi/gomoqt/moqt/frame.go:60.27,62.2 1 13
github.com/okdaichi/gomoqt/moqt/frame.go:65.27,67.2 1 9
github.com/okdaichi/gomoqt/moqt/frame.go:71.43,79.2 7 19
github.com/okdaichi/gomoqt/moqt/frame.go:83.45,85.16 2 7
github.com/okdaichi/gomoqt/moqt/frame.go:85.16,87.3 1 5
github.com/okdaichi/gomoqt/moqt/frame.go:90.2,90.14 1 2
github.com/okdaichi/gomoqt/moqt/frame.go:90.14,93.3 2 0
github.com/okdaichi/gomoqt/moqt/frame.go:96.2,96.28 1 2
github.com/okdaichi/gomoqt/moqt/frame.go:96.28,98.3 1 2
github.com/okdaichi/gomoqt/moqt/frame.go:98.8,100.3 1 0
github.com/okdaichi/gomoqt/moqt/frame.go:102.2,104.12 2 2
github.com/okdaichi/gomoqt/moqt/frame.go:109.32,113.2 3 2
github.com/okdaichi/gomoqt/moqt/frame.go:116.53,118.16 2 3
github.com/okdaichi/gomoqt/moqt/frame.go:118.16,120.3 1 0
github.com/okdaichi/gomoqt/moqt/frame.go:121.2,121.22 1 3
github.com/okdaichi/gomoqt/moqt/frame.go:126.46,129.2 2 38
github.com/okdaichi/gomoqt/moqt/group_reader.go:12.124,19.25 2 25
github.com/okdaichi/gomoqt/moqt/group_reader.go:19.25,21.3 1 2
github.com/okdaichi/gomoqt/moqt/group_reader.go:23.2,23.10 1 25
github.com/okdaichi/gomoqt/moqt/group_reader.go:38.53,40.2 1 5
github.com/okdaichi/gomoqt/moqt/group_reader.go:44.53,45.18 1 7
github.com/okdaichi/gomoqt/moqt/group_reader.go:45.18,46.21 1 0
github.com/okdaichi/gomoqt/moqt/group_reader.go:48.2,49.16 2 7
github.com/okdaichi/gomoqt/moqt/group_reader.go:49.16,50.29 1 5
github.com/okdaichi/gomoqt/moqt/group_reader.go:50.29,52.4 1 4
github.com/okdaichi/gomoqt/moqt/group_reader.go:54.3,54.67 1 1
github.com/okdaichi/gomoqt/moqt/group_reader.go:54.67,60.4 2 1
github.com/okdaichi/gomoqt/moqt/group_reader.go:62.3,62.13 1 0
github.com/okdaichi/gomoqt/moqt/group_reader.go:65.2,67.12 2 2
github.com/okdaichi/gomoqt/moqt/group_reader.go:71.55,74.27 2 6
github.com/okdaichi/gomoqt/moqt/group_reader.go:74.27,76.3 1 1
github.com/okdaichi/gomoqt/moqt/group_reader.go:80.58,82.2 1 4
github.com/okdaichi/gomoqt/moqt/group_reader.go:85.59,86.39 1 3
github.com/okdaichi/gomoqt/moqt/group_reader.go:86.39,87.17 1 2
github.com/okdaichi/gomoqt/moqt/group_reader.go:87.17,89.4 1 2
github.com/okdaichi/gomoqt/moqt/group_reader.go:90.3,91.7 2 2
github.com/okdaichi/gomoqt/moqt/group_reader.go:91.7,93.18 2 3
github.com/okdaichi/gomoqt/moqt/group_reader.go:93.18,95.5 1 2
github.com/okdaichi/gomoqt/moqt/group_reader.go:97.4,97.19 1 1
github.com/okdaichi/gomoqt/moqt/group_reader.go:97.19,99.5 1 0
github.com/okdaichi/gomoqt/moqt/group_sequence.go:16.41,18.2 1 4
github.com/okdaichi/gomoqt/moqt/group_sequence.go:22.46,23.28 1 7
github.com/okdaichi/gomoqt/moqt/group_sequence.go:23.28,25.3 1 2
github.com/okdaichi/gomoqt/moqt/group_sequence.go:27.2,27.28 1 5
github.com/okdaichi/gomoqt/moqt/group_sequence.go:27.28,30.3 1 2
github.com/okdaichi/gomoqt/moqt/group_sequence.go:32.2,32.15 1 3
github.com/okdaichi/gomoqt/moqt/group_sequence.go:37.51,38.28 1 50
github.com/okdaichi/gomoqt/moqt/group_sequence.go:38.28,40.3 1 35
github.com/okdaichi/gomoqt/moqt/group_sequence.go:42.2,42.23 1 15
github.com/okdaichi/gomoqt/moqt/group_sequence.go:47.52,48.12 1 14
github.com/okdaichi/gomoqt/moqt/group_sequence.go:48.12,50.3 1 8
github.com/okdaichi/gomoqt/moqt/group_sequence.go:52.2,52.29 1 6
github.com/okdaichi/gomoqt/moqt/group_sequence.go:57.35,58.7 1 25
github.com/okdaichi/gomoqt/moqt/group_sequence.go:58.7,60.3 1 3
github.com/okdaichi/gomoqt/moqt/group_sequence.go:62.2,62.10 1 22
github.com/okdaichi/gomoqt/moqt/group_sequence.go:67.37,69.2 1 9
github.com/okdaichi/gomoqt/moqt/group_writer.go:11.121,19.27 2 28
github.com/okdaichi/gomoqt/moqt/group_writer.go:19.27,21.3 1 25
github.com/okdaichi/gomoqt/moqt/group_writer.go:23.2,23.10 1 28
github.com/okdaichi/gomoqt/moqt/group_writer.go:40.55,42.2 1 12
github.com/okdaichi/gomoqt/moqt/group_writer.go:45.56,46.18 1 4
github.com/okdaichi/gomoqt/moqt/group_writer.go:46.18,48.3 1 1
github.com/okdaichi/gomoqt/moqt/group_writer.go:50.2,51.16 2 3
github.com/okdaichi/gomoqt/moqt/group_writer.go:51.16,53.3 1 1
github.com/okdaichi/gomoqt/moqt/group_writer.go:55.2,57.12 2 2
github.com/okdaichi/gomoqt/moqt/group_writer.go:61.61,63.2 1 1
github.com/okdaichi/gomoqt/moqt/group_writer.go:66.58,69.29 2 3
github.com/okdaichi/gomoqt/moqt/group_writer.go:69.29,71.3 1 1
github.com/okdaichi/gomoqt/moqt/group_writer.go:75.39,77.16 2 5
github.com/okdaichi/gomoqt/moqt/group_writer.go:77.16,79.3 1 2
github.com/okdaichi/gomoqt/moqt/group_writer.go:81.2,81.29 1 3
github.com/okdaichi/gomoqt/moqt/group_writer.go:81.29,83.3 1 3
github.com/okdaichi/gomoqt/moqt/group_writer.go:85.2,85.12 1 3
github.com/okdaichi/gomoqt/moqt/group_writer.go:89.49,91.2 1 1
github.com/okdaichi/gomoqt/moqt/info.go:16.39,18.2 1 0
github.com/okdaichi/gomoqt/moqt/info.go:20.81,28.2 1 0
github.com/okdaichi/gomoqt/moqt/mux.go:17.30,27.2 1 113
github.com/okdaichi/gomoqt/moqt/mux.go:32.77,34.2 1 1
github.com/okdaichi/gomoqt/moqt/mux.go:38.84,40.2 1 1
github.com/okdaichi/gomoqt/moqt/mux.go:45.65,47.2 1 1
github.com/okdaichi/gomoqt/moqt/mux.go:62.100,64.2 1 515
github.com/okdaichi/gomoqt/moqt/mux.go:68.93,69.16 1 531
github.com/okdaichi/gomoqt/moqt/mux.go:69.16,70.34 1 2
github.com/okdaichi/gomoqt/moqt/mux.go:73.2,73.24 1 529
github.com/okdaichi/gomoqt/moqt/mux.go:73.24,74.50 1 3
github.com/okdaichi/gomoqt/moqt/mux.go:76.2,77.28 2 526
github.com/okdaichi/gomoqt/moqt/mux.go:80.102,95.8 7 782
github.com/okdaichi/gomoqt/moqt/mux.go:95.8,97.3 1 4
github.com/okdaichi/gomoqt/moqt/mux.go:99.2,99.19 1 782
github.com/okdaichi/gomoqt/moqt/mux.go:102.68,106.66 4 258
github.com/okdaichi/gomoqt/moqt/mux.go:106.66,108.3 1 254
github.com/okdaichi/gomoqt/moqt/mux.go:111.81,112.25 1 784
github.com/okdaichi/gomoqt/moqt/mux.go:112.25,113.39 1 1
github.com/okdaichi/gomoqt/moqt/mux.go:116.2,116.30 1 783
github.com/okdaichi/gomoqt/moqt/mux.go:116.30,118.3 1 1
github.com/okdaichi/gomoqt/moqt/mux.go:121.2,132.46 6 782
github.com/okdaichi/gomoqt/moqt/mux.go:132.46,134.3 1 782
github.com/okdaichi/gomoqt/moqt/mux.go:134.8,136.3 1 0
github.com/okdaichi/gomoqt/moqt/mux.go:137.2,138.37 2 782
github.com/okdaichi/gomoqt/moqt/mux.go:138.37,141.3 2 1275
github.com/okdaichi/gomoqt/moqt/mux.go:144.2,151.29 4 782
github.com/okdaichi/gomoqt/moqt/mux.go:151.29,157.42 4 2057
github.com/okdaichi/gomoqt/moqt/mux.go:157.42,159.4 1 13
github.com/okdaichi/gomoqt/moqt/mux.go:160.3,162.27 2 2057
github.com/okdaichi/gomoqt/moqt/mux.go:162.27,165.11 2 13
github.com/okdaichi/gomoqt/moqt/mux.go:166.28,166.28 0 13
github.com/okdaichi/gomoqt/moqt/mux.go:167.31,167.31 0 0
github.com/okdaichi/gomoqt/moqt/mux.go:168.12,176.36 4 0
github.com/okdaichi/gomoqt/moqt/mux.go:176.36,179.6 1 0
github.com/okdaichi/gomoqt/moqt/mux.go:184.2,187.32 2 782
github.com/okdaichi/gomoqt/moqt/mux.go:187.32,192.3 2 258
github.com/okdaichi/gomoqt/moqt/mux.go:197.85,199.16 2 18
github.com/okdaichi/gomoqt/moqt/mux.go:199.16,201.3 1 9
github.com/okdaichi/gomoqt/moqt/mux.go:202.2,202.43 1 9
github.com/okdaichi/gomoqt/moqt/mux.go:205.82,213.52 4 539
github.com/okdaichi/gomoqt/moqt/mux.go:213.52,215.3 1 9
github.com/okdaichi/gomoqt/moqt/mux.go:218.2,218.56 1 530
github.com/okdaichi/gomoqt/moqt/mux.go:218.56,220.3 1 3
github.com/okdaichi/gomoqt/moqt/mux.go:223.2,223.68 1 527
github.com/okdaichi/gomoqt/moqt/mux.go:223.68,225.3 1 2
github.com/okdaichi/gomoqt/moqt/mux.go:227.2,227.12 1 525
github.com/okdaichi/gomoqt/moqt/mux.go:231.50,232.15 1 522
github.com/okdaichi/gomoqt/moqt/mux.go:232.15,234.3 1 1
github.com/okdaichi/gomoqt/moqt/mux.go:236.2,240.16 3 521
github.com/okdaichi/gomoqt/moqt/mux.go:240.16,243.3 2 5
github.com/okdaichi/gomoqt/moqt/mux.go:246.2,246.44 1 516
github.com/okdaichi/gomoqt/moqt/mux.go:246.44,248.3 1 0
github.com/okdaichi/gomoqt/moqt/mux.go:249.2,251.33 2 516
github.com/okdaichi/gomoqt/moqt/mux.go:256.65,257.15 1 25
github.com/okdaichi/gomoqt/moqt/mux.go:257.15,259.3 1 1
github.com/okdaichi/gomoqt/moqt/mux.go:261.2,261.31 1 24
github.com/okdaichi/gomoqt/moqt/mux.go:261.31,264.3 2 1
github.com/okdaichi/gomoqt/moqt/mux.go:271.2,277.42 4 23
github.com/okdaichi/gomoqt/moqt/mux.go:277.42,279.3 1 7
github.com/okdaichi/gomoqt/moqt/mux.go:282.2,283.35 2 23
github.com/okdaichi/gomoqt/moqt/mux.go:283.35,285.3 1 0
github.com/okdaichi/gomoqt/moqt/mux.go:286.2,289.15 3 23
github.com/okdaichi/gomoqt/moqt/mux.go:289.15,293.3 3 22
github.com/okdaichi/gomoqt/moqt/mux.go:295.2,296.16 2 23
github.com/okdaichi/gomoqt/moqt/mux.go:296.16,299.3 2 1
github.com/okdaichi/gomoqt/moqt/mux.go:302.2,302.6 1 22
github.com/okdaichi/gomoqt/moqt/mux.go:302.6,303.10 1 34
github.com/okdaichi/gomoqt/moqt/mux.go:304.24,305.11 1 13
github.com/okdaichi/gomoqt/moqt/mux.go:305.11,307.5 1 0
github.com/okdaichi/gomoqt/moqt/mux.go:308.4,308.51 1 13
github.com/okdaichi/gomoqt/moqt/mux.go:308.51,311.5 2 1
github.com/okdaichi/gomoqt/moqt/mux.go:312.30,313.10 1 20
github.com/okdaichi/gomoqt/moqt/mux.go:334.73,340.18 4 1296
github.com/okdaichi/gomoqt/moqt/mux.go:340.18,342.3 1 1039
github.com/okdaichi/gomoqt/moqt/mux.go:345.2,347.46 2 257
github.com/okdaichi/gomoqt/moqt/mux.go:347.46,356.3 2 250
github.com/okdaichi/gomoqt/moqt/mux.go:357.2,358.14 2 257
github.com/okdaichi/gomoqt/moqt/mux.go:362.73,366.2 3 2057
github.com/okdaichi/gomoqt/moqt/mux.go:369.76,375.40 5 482
github.com/okdaichi/gomoqt/moqt/mux.go:375.40,380.3 4 224
github.com/okdaichi/gomoqt/moqt/mux.go:383.82,384.24 1 44
github.com/okdaichi/gomoqt/moqt/mux.go:384.24,386.3 1 23
github.com/okdaichi/gomoqt/moqt/mux.go:388.2,390.39 2 21
github.com/okdaichi/gomoqt/moqt/mux.go:393.43,396.2 1 2573
github.com/okdaichi/gomoqt/moqt/mux.go:398.40,403.2 2 124
github.com/okdaichi/gomoqt/moqt/mux.go:414.38,415.15 1 6
github.com/okdaichi/gomoqt/moqt/mux.go:415.15,417.3 1 2
github.com/okdaichi/gomoqt/moqt/mux.go:419.2,419.47 1 4
github.com/okdaichi/gomoqt/moqt/mux.go:430.55,432.2 1 527
github.com/okdaichi/gomoqt/moqt/mux.go:441.52,443.22 1 26
github.com/okdaichi/gomoqt/moqt/mux.go:443.22,444.20 1 4
github.com/okdaichi/gomoqt/moqt/mux.go:444.20,446.4 1 4
github.com/okdaichi/gomoqt/moqt/mux.go:447.3,447.13 1 0
github.com/okdaichi/gomoqt/moqt/mux.go:452.2,455.32 4 22
github.com/okdaichi/gomoqt/moqt/mux.go:455.32,456.20 1 120
github.com/okdaichi/gomoqt/moqt/mux.go:456.20,459.4 2 4
github.com/okdaichi/gomoqt/moqt/mux.go:462.2,463.17 2 22
github.com/okdaichi/gomoqt/moqt/mux.go:466.85,468.17 2 786
github.com/okdaichi/gomoqt/moqt/mux.go:468.17,469.15 1 2
github.com/okdaichi/gomoqt/moqt/mux.go:469.15,471.4 1 2
github.com/okdaichi/gomoqt/moqt/mux.go:472.3,472.16 1 0
github.com/okdaichi/gomoqt/moqt/mux.go:476.2,478.32 3 784
github.com/okdaichi/gomoqt/moqt/mux.go:478.32,479.20 1 8509
github.com/okdaichi/gomoqt/moqt/mux.go:479.20,481.4 1 1281
github.com/okdaichi/gomoqt/moqt/mux.go:485.2,487.32 3 784
github.com/okdaichi/gomoqt/moqt/mux.go:487.32,488.20 1 8509
github.com/okdaichi/gomoqt/moqt/mux.go:488.20,491.4 2 1281
github.com/okdaichi/gomoqt/moqt/mux.go:494.2,496.24 2 784
github.com/okdaichi/gomoqt/moqt/mux.go:496.24,498.3 1 0
github.com/okdaichi/gomoqt/moqt/mux.go:499.2,499.24 1 784
github.com/okdaichi/gomoqt/moqt/mux.go:499.24,501.3 1 15
github.com/okdaichi/gomoqt/moqt/mux.go:502.2,502.62 1 769
github.com/okdaichi/gomoqt/moqt/receive_subscribe_stream.go:10.122,19.12 2 47
github.com/okdaichi/gomoqt/moqt/receive_subscribe_stream.go:19.12,23.7 3 47
github.com/okdaichi/gomoqt/moqt/receive_subscribe_stream.go:23.7,25.18 2 50
github.com/okdaichi/gomoqt/moqt/receive_subscribe_stream.go:25.18,26.10 1 47
github.com/okdaichi/gomoqt/moqt/receive_subscribe_stream.go:29.4,40.11 4 3
github.com/okdaichi/gomoqt/moqt/receive_subscribe_stream.go:41.40,41.40 0 3
github.com/okdaichi/gomoqt/moqt/receive_subscribe_stream.go:42.12,42.12 0 0
github.com/okdaichi/gomoqt/moqt/receive_subscribe_stream.go:44.4,44.22 1 3
github.com/okdaichi/gomoqt/moqt/receive_subscribe_stream.go:48.2,48.15 1 47
github.com/okdaichi/gomoqt/moqt/receive_subscribe_stream.go:63.65,65.2 1 19
github.com/okdaichi/gomoqt/moqt/receive_subscribe_stream.go:67.74,69.28 2 13
github.com/okdaichi/gomoqt/moqt/receive_subscribe_stream.go:69.28,72.3 2 5
github.com/okdaichi/gomoqt/moqt/receive_subscribe_stream.go:73.2,76.16 3 7
github.com/okdaichi/gomoqt/moqt/receive_subscribe_stream.go:76.16,78.3 1 0
github.com/okdaichi/gomoqt/moqt/receive_subscribe_stream.go:80.2,80.12 1 7
github.com/okdaichi/gomoqt/moqt/receive_subscribe_stream.go:83.73,88.16 4 0
github.com/okdaichi/gomoqt/moqt/receive_subscribe_stream.go:88.16,90.3 1 0
github.com/okdaichi/gomoqt/moqt/receive_subscribe_stream.go:92.2,92.12 1 0
github.com/okdaichi/gomoqt/moqt/receive_subscribe_stream.go:95.79,96.93 1 8
github.com/okdaichi/gomoqt/moqt/receive_subscribe_stream.go:96.93,98.3 1 0
github.com/okdaichi/gomoqt/moqt/receive_subscribe_stream.go:100.2,108.16 2 8
github.com/okdaichi/gomoqt/moqt/receive_subscribe_stream.go:108.16,110.3 1 0
github.com/okdaichi/gomoqt/moqt/receive_subscribe_stream.go:112.2,114.12 2 8
github.com/okdaichi/gomoqt/moqt/receive_subscribe_stream.go:117.75,121.29 3 2
github.com/okdaichi/gomoqt/moqt/receive_subscribe_stream.go:121.29,123.17 2 1
github.com/okdaichi/gomoqt/moqt/receive_subscribe_stream.go:123.17,125.4 1 0
github.com/okdaichi/gomoqt/moqt/receive_subscribe_stream.go:128.2,128.95 1 2
github.com/okdaichi/gomoqt/moqt/receive_subscribe_stream.go:128.95,130.3 1 0
github.com/okdaichi/gomoqt/moqt/receive_subscribe_stream.go:132.2,137.16 2 2
github.com/okdaichi/gomoqt/moqt/receive_subscribe_stream.go:137.16,139.3 1 0
github.com/okdaichi/gomoqt/moqt/receive_subscribe_stream.go:141.2,141.12 1 2
github.com/okdaichi/gomoqt/moqt/receive_subscribe_stream.go:144.70,149.26 3 16
github.com/okdaichi/gomoqt/moqt/receive_subscribe_stream.go:149.26,151.3 1 1
github.com/okdaichi/gomoqt/moqt/receive_subscribe_stream.go:153.2,153.22 1 16
github.com/okdaichi/gomoqt/moqt/receive_subscribe_stream.go:156.65,158.2 1 13
github.com/okdaichi/gomoqt/moqt/receive_subscribe_stream.go:160.53,164.51 3 4
github.com/okdaichi/gomoqt/moqt/receive_subscribe_stream.go:164.51,167.3 2 4
github.com/okdaichi/gomoqt/moqt/receive_subscribe_stream.go:169.2,169.30 1 4
github.com/okdaichi/gomoqt/moqt/receive_subscribe_stream.go:172.85,179.51 5 11
github.com/okdaichi/gomoqt/moqt/receive_subscribe_stream.go:179.51,182.3 2 10
github.com/okdaichi/gomoqt/moqt/receive_subscribe_stream.go:184.2,184.12 1 11
github.com/okdaichi/gomoqt/moqt/send_subscribe_stream.go:12.120,21.2 2 33
github.com/okdaichi/gomoqt/moqt/send_subscribe_stream.go:38.61,39.6 1 16
github.com/okdaichi/gomoqt/moqt/send_subscribe_stream.go:39.6,41.17 2 16
github.com/okdaichi/gomoqt/moqt/send_subscribe_stream.go:41.17,43.4 1 15
github.com/okdaichi/gomoqt/moqt/send_subscribe_stream.go:45.3,45.16 1 1
github.com/okdaichi/gomoqt/moqt/send_subscribe_stream.go:45.16,53.12 2 0
github.com/okdaichi/gomoqt/moqt/send_subscribe_stream.go:56.3,56.18 1 1
github.com/okdaichi/gomoqt/moqt/send_subscribe_stream.go:56.18,63.4 2 1
github.com/okdaichi/gomoqt/moqt/send_subscribe_stream.go:67.114,69.53 2 21
github.com/okdaichi/gomoqt/moqt/send_subscribe_stream.go:69.53,71.3 1 17
github.com/okdaichi/gomoqt/moqt/send_subscribe_stream.go:73.2,74.16 2 4
github.com/okdaichi/gomoqt/moqt/send_subscribe_stream.go:74.16,76.3 1 0
github.com/okdaichi/gomoqt/moqt/send_subscribe_stream.go:78.2,78.17 1 4
github.com/okdaichi/gomoqt/moqt/send_subscribe_stream.go:79.11,82.17 3 2
github.com/okdaichi/gomoqt/moqt/send_subscribe_stream.go:82.17,84.4 1 0
github.com/okdaichi/gomoqt/moqt/send_subscribe_stream.go:85.3,85.24 1 2
github.com/okdaichi/gomoqt/moqt/send_subscribe_stream.go:86.11,89.17 3 2
github.com/okdaichi/gomoqt/moqt/send_subscribe_stream.go:89.17,91.4 1 0
github.com/okdaichi/gomoqt/moqt/send_subscribe_stream.go:92.3,92.24 1 2
github.com/okdaichi/gomoqt/moqt/send_subscribe_stream.go:93.10,94.81 1 0
github.com/okdaichi/gomoqt/moqt/send_subscribe_stream.go:98.62,100.2 1 1
github.com/okdaichi/gomoqt/moqt/send_subscribe_stream.go:102.67,107.2 3 8
github.com/okdaichi/gomoqt/moqt/send_subscribe_stream.go:109.68,114.2 3 2
github.com/okdaichi/gomoqt/moqt/send_subscribe_stream.go:116.86,117.22 1 9
github.com/okdaichi/gomoqt/moqt/send_subscribe_stream.go:117.22,120.3 1 1
github.com/okdaichi/gomoqt/moqt/send_subscribe_stream.go:123.2,137.16 6 8
github.com/okdaichi/gomoqt/moqt/send_subscribe_stream.go:137.16,140.3 2 2
github.com/okdaichi/gomoqt/moqt/send_subscribe_stream.go:142.2,146.12 4 6
github.com/okdaichi/gomoqt/moqt/send_subscribe_stream.go:149.67,152.9 3 1
github.com/okdaichi/gomoqt/moqt/send_subscribe_stream.go:153.38,153.38 0 1
github.com/okdaichi/gomoqt/moqt/send_subscribe_stream.go:154.10,154.10 0 0
github.com/okdaichi/gomoqt/moqt/send_subscribe_stream.go:156.2,156.20 1 1
github.com/okdaichi/gomoqt/moqt/send_subscribe_stream.go:159.67,163.28 3 2
github.com/okdaichi/gomoqt/moqt/send_subscribe_stream.go:163.28,165.3 1 1
github.com/okdaichi/gomoqt/moqt/send_subscribe_stream.go:167.2,169.14 3 1
github.com/okdaichi/gomoqt/moqt/send_subscribe_stream.go:172.59,174.2 1 2
github.com/okdaichi/gomoqt/moqt/send_subscribe_stream.go:176.50,181.2 3 6
github.com/okdaichi/gomoqt/moqt/send_subscribe_stream.go:183.76,188.2 3 7
github.com/okdaichi/gomoqt/moqt/server.go:23.63,29.2 2 0
github.com/okdaichi/gomoqt/moqt/server.go:91.25,92.23 1 14
github.com/okdaichi/gomoqt/moqt/server.go:92.23,95.34 3 13
github.com/okdaichi/gomoqt/moqt/server.go:95.34,97.4 1 11
github.com/okdaichi/gomoqt/moqt/server.go:107.59,108.22 1 1
github.com/okdaichi/gomoqt/moqt/server.go:108.22,110.3 1 1
github.com/okdaichi/gomoqt/moqt/server.go:112.2,123.12 6 0
github.com/okdaichi/gomoqt/moqt/server.go:123.12,124.25 1 0
github.com/okdaichi/gomoqt/moqt/server.go:124.25,126.4 1 0
github.com/okdaichi/gomoqt/moqt/server.go:127.3,127.11 1 0
github.com/okdaichi/gomoqt/moqt/server.go:130.2,130.6 1 0
github.com/okdaichi/gomoqt/moqt/server.go:130.6,133.17 2 0
github.com/okdaichi/gomoqt/moqt/server.go:133.17,135.24 1 0
github.com/okdaichi/gomoqt/moqt/server.go:135.24,137.5 1 0
github.com/okdaichi/gomoqt/moqt/server.go:139.4,139.40 1 0
github.com/okdaichi/gomoqt/moqt/server.go:139.40,141.5 1 0
github.com/okdaichi/gomoqt/moqt/server.go:142.4,142.66 1 0
github.com/okdaichi/gomoqt/moqt/server.go:146.3,146.28 1 0
github.com/okdaichi/gomoqt/moqt/server.go:146.28,148.4 1 0
github.com/okdaichi/gomoqt/moqt/server.go:154.55,155.22 1 4
github.com/okdaichi/gomoqt/moqt/server.go:155.22,157.3 1 0
github.com/okdaichi/gomoqt/moqt/server.go:159.2,162.20 3 4
github.com/okdaichi/gomoqt/moqt/server.go:162.20,164.3 1 0
github.com/okdaichi/gomoqt/moqt/server.go:165.2,165.58 1 4
github.com/okdaichi/gomoqt/moqt/server.go:166.19,169.53 3 1
github.com/okdaichi/gomoqt/moqt/server.go:170.20,171.34 1 2
github.com/okdaichi/gomoqt/moqt/server.go:172.10,173.58 1 1
github.com/okdaichi/gomoqt/moqt/server.go:177.84,180.26 2 3
github.com/okdaichi/gomoqt/moqt/server.go:180.26,182.20 2 2
github.com/okdaichi/gomoqt/moqt/server.go:182.20,183.37 1 1
github.com/okdaichi/gomoqt/moqt/server.go:185.3,185.16 1 1
github.com/okdaichi/gomoqt/moqt/server.go:187.2,187.12 1 1
github.com/okdaichi/gomoqt/moqt/server.go:198.55,200.2 1 0
github.com/okdaichi/gomoqt/moqt/server.go:202.51,206.50 2 0
github.com/okdaichi/gomoqt/moqt/server.go:206.50,208.3 1 0
github.com/okdaichi/gomoqt/moqt/server.go:209.2,209.12 1 0
github.com/okdaichi/gomoqt/moqt/server.go:246.120,247.26 1 3
github.com/okdaichi/gomoqt/moqt/server.go:247.26,249.3 1 2
github.com/okdaichi/gomoqt/moqt/server.go:250.2,251.25 2 1
github.com/okdaichi/gomoqt/moqt/server.go:251.25,253.3 1 1
github.com/okdaichi/gomoqt/moqt/server.go:255.2,260.38 2 1
github.com/okdaichi/gomoqt/moqt/server.go:266.81,268.16 2 0
github.com/okdaichi/gomoqt/moqt/server.go:268.16,271.3 2 0
github.com/okdaichi/gomoqt/moqt/server.go:275.2,276.56 2 0
github.com/okdaichi/gomoqt/moqt/server.go:276.56,278.3 1 0
github.com/okdaichi/gomoqt/moqt/server.go:280.2,282.26 2 0
github.com/okdaichi/gomoqt/moqt/server.go:285.80,286.30 1 0
github.com/okdaichi/gomoqt/moqt/server.go:286.30,288.3 1 0
github.com/okdaichi/gomoqt/moqt/server.go:288.8,290.3 1 0
github.com/okdaichi/gomoqt/moqt/server.go:299.45,301.2 1 2
github.com/okdaichi/gomoqt/moqt/server.go:303.58,304.22 1 4
github.com/okdaichi/gomoqt/moqt/server.go:304.22,307.3 2 2
github.com/okdaichi/gomoqt/moqt/server.go:308.2,308.56 1 4
github.com/okdaichi/gomoqt/moqt/server.go:313.41,317.24 2 2
github.com/okdaichi/gomoqt/moqt/server.go:317.24,319.3 1 1
github.com/okdaichi/gomoqt/moqt/server.go:322.2,325.36 2 1
github.com/okdaichi/gomoqt/moqt/server.go:325.36,327.3 1 1
github.com/okdaichi/gomoqt/moqt/server.go:330.2,331.25 2 1
github.com/okdaichi/gomoqt/moqt/server.go:331.25,333.3 1 1
github.com/okdaichi/gomoqt/moqt/server.go:333.8,335.3 1 0
github.com/okdaichi/gomoqt/moqt/server.go:336.2,340.23 4 1
github.com/okdaichi/gomoqt/moqt/server.go:340.23,342.3 1 0
github.com/okdaichi/gomoqt/moqt/server.go:343.2,344.16 2 1
github.com/okdaichi/gomoqt/moqt/server.go:344.16,346.3 1 1
github.com/okdaichi/gomoqt/moqt/server.go:348.2,348.32 1 0
github.com/okdaichi/gomoqt/moqt/server.go:354.68,355.22 1 2
github.com/okdaichi/gomoqt/moqt/server.go:355.22,357.3 1 1
github.com/okdaichi/gomoqt/moqt/server.go:358.2,364.16 5 1
github.com/okdaichi/gomoqt/moqt/server.go:364.16,366.3 1 1
github.com/okdaichi/gomoqt/moqt/server.go:369.2,376.25 3 0
github.com/okdaichi/gomoqt/moqt/server.go:376.25,378.3 1 0
github.com/okdaichi/gomoqt/moqt/server.go:378.8,380.3 1 0
github.com/okdaichi/gomoqt/moqt/server.go:381.2,385.23 4 0
github.com/okdaichi/gomoqt/moqt/server.go:385.23,387.3 1 0
github.com/okdaichi/gomoqt/moqt/server.go:389.2,390.16 2 0
github.com/okdaichi/gomoqt/moqt/server.go:390.16,392.3 1 0
github.com/okdaichi/gomoqt/moqt/server.go:394.2,394.32 1 0
github.com/okdaichi/gomoqt/moqt/server.go:399.32,400.22 1 1
github.com/okdaichi/gomoqt/moqt/server.go:400.22,402.3 1 0
github.com/okdaichi/gomoqt/moqt/server.go:405.2,412.30 4 1
github.com/okdaichi/gomoqt/moqt/server.go:412.30,414.3 1 1
github.com/okdaichi/gomoqt/moqt/server.go:415.2,421.50 4 1
github.com/okdaichi/gomoqt/moqt/server.go:421.50,423.28 1 0
github.com/okdaichi/gomoqt/moqt/server.go:423.29,425.4 0 0
github.com/okdaichi/gomoqt/moqt/server.go:429.2,432.33 2 1
github.com/okdaichi/gomoqt/moqt/server.go:432.33,434.13 2 1
github.com/okdaichi/gomoqt/moqt/server.go:434.13,435.17 1 1
github.com/okdaichi/gomoqt/moqt/server.go:435.17,435.30 1 1
github.com/okdaichi/gomoqt/moqt/server.go:436.4,437.15 2 1
github.com/okdaichi/gomoqt/moqt/server.go:439.3,439.10 1 1
github.com/okdaichi/gomoqt/moqt/server.go:440.15,440.15 0 1
github.com/okdaichi/gomoqt/moqt/server.go:441.45,441.45 0 0
github.com/okdaichi/gomoqt/moqt/server.go:447.2,454.12 5 1
github.com/okdaichi/gomoqt/moqt/server.go:460.54,461.22 1 1
github.com/okdaichi/gomoqt/moqt/server.go:461.22,463.3 1 0
github.com/okdaichi/gomoqt/moqt/server.go:466.2,470.30 3 1
github.com/okdaichi/gomoqt/moqt/server.go:470.30,472.3 1 0
github.com/okdaichi/gomoqt/moqt/server.go:473.2,478.44 4 1
github.com/okdaichi/gomoqt/moqt/server.go:478.44,480.28 1 0
github.com/okdaichi/gomoqt/moqt/server.go:480.28,482.4 1 0
github.com/okdaichi/gomoqt/moqt/server.go:486.2,489.33 2 1
github.com/okdaichi/gomoqt/moqt/server.go:489.33,491.13 2 1
github.com/okdaichi/gomoqt/moqt/server.go:491.13,492.17 1 1
github.com/okdaichi/gomoqt/moqt/server.go:492.17,492.30 1 1
github.com/okdaichi/gomoqt/moqt/server.go:493.4,494.15 2 1
github.com/okdaichi/gomoqt/moqt/server.go:496.3,496.10 1 1
github.com/okdaichi/gomoqt/moqt/server.go:497.15,497.15 0 1
github.com/okdaichi/gomoqt/moqt/server.go:498.45,498.45 0 0
github.com/okdaichi/gomoqt/moqt/server.go:504.2,511.12 5 1
github.com/okdaichi/gomoqt/moqt/server.go:516.51,517.9 1 0
github.com/okdaichi/gomoqt/moqt/server.go:518.31,518.31 0 0
github.com/okdaichi/gomoqt/moqt/server.go:520.20,522.104 1 0
github.com/okdaichi/gomoqt/moqt/server.go:526.47,530.24 3 0
github.com/okdaichi/gomoqt/moqt/server.go:530.24,532.3 1 0
github.com/okdaichi/gomoqt/moqt/server.go:533.2,534.24 2 0
github.com/okdaichi/gomoqt/moqt/server.go:537.50,541.8 3 0
github.com/okdaichi/gomoqt/moqt/server.go:541.8,543.3 1 0
github.com/okdaichi/gomoqt/moqt/server.go:545.2,547.8 2 0
github.com/okdaichi/gomoqt/moqt/server.go:547.8,549.3 1 0
github.com/okdaichi/gomoqt/moqt/server.go:552.38,554.2 1 11
github.com/okdaichi/gomoqt/moqt/session.go:58.12,59.16 1 68
github.com/okdaichi/gomoqt/moqt/session.go:59.16,61.3 1 8
github.com/okdaichi/gomoqt/moqt/session.go:63.2,76.20 3 68
github.com/okdaichi/gomoqt/moqt/session.go:76.20,78.3 1 68
github.com/okdaichi/gomoqt/moqt/session.go:81.2,81.20 1 68
github.com/okdaichi/gomoqt/moqt/session.go:81.20,83.3 1 68
github.com/okdaichi/gomoqt/moqt/session.go:85.2,85.13 1 68
github.com/okdaichi/gomoqt/moqt/session.go:88.38,90.2 1 88
github.com/okdaichi/gomoqt/moqt/session.go:92.64,93.28 1 0
github.com/okdaichi/gomoqt/moqt/session.go:93.28,95.3 1 0
github.com/okdaichi/gomoqt/moqt/session.go:97.2,97.21 1 0
github.com/okdaichi/gomoqt/moqt/session.go:97.21,99.3 1 0
github.com/okdaichi/gomoqt/moqt/session.go:104.45,106.2 1 8
github.com/okdaichi/gomoqt/moqt/session.go:109.53,114.2 1 2
github.com/okdaichi/gomoqt/moqt/session.go:117.40,118.31 1 0
github.com/okdaichi/gomoqt/moqt/session.go:118.31,120.3 1 0
github.com/okdaichi/gomoqt/moqt/session.go:121.2,121.27 1 0
github.com/okdaichi/gomoqt/moqt/session.go:125.41,126.31 1 1
github.com/okdaichi/gomoqt/moqt/session.go:126.31,128.3 1 0
github.com/okdaichi/gomoqt/moqt/session.go:129.2,129.28 1 1
github.com/okdaichi/gomoqt/moqt/session.go:133.75,134.21 1 60
github.com/okdaichi/gomoqt/moqt/session.go:134.21,136.3 1 4
github.com/okdaichi/gomoqt/moqt/session.go:137.2,140.16 3 56
github.com/okdaichi/gomoqt/moqt/session.go:140.16,141.72 1 2
github.com/okdaichi/gomoqt/moqt/session.go:141.72,146.4 2 1
github.com/okdaichi/gomoqt/moqt/session.go:147.3,147.59 1 1
github.com/okdaichi/gomoqt/moqt/session.go:151.2,153.26 2 54
github.com/okdaichi/gomoqt/moqt/session.go:153.26,158.3 3 0
github.com/okdaichi/gomoqt/moqt/session.go:160.2,160.12 1 54
github.com/okdaichi/gomoqt/moqt/session.go:166.133,167.16 1 14
github.com/okdaichi/gomoqt/moqt/session.go:167.16,169.3 1 1
github.com/okdaichi/gomoqt/moqt/session.go:171.2,171.21 1 13
github.com/okdaichi/gomoqt/moqt/session.go:171.21,173.3 1 1
github.com/okdaichi/gomoqt/moqt/session.go:175.2,175.24 1 12
github.com/okdaichi/gomoqt/moqt/session.go:175.24,177.3 1 1
github.com/okdaichi/gomoqt/moqt/session.go:179.2,179.19 1 11
github.com/okdaichi/gomoqt/moqt/session.go:179.19,181.3 1 1
github.com/okdaichi/gomoqt/moqt/session.go:183.2,186.16 3 11
github.com/okdaichi/gomoqt/moqt/session.go:186.16,187.72 1 2
github.com/okdaichi/gomoqt/moqt/session.go:187.72,191.4 1 1
github.com/okdaichi/gomoqt/moqt/session.go:192.3,192.73 1 1
github.com/okdaichi/gomoqt/moqt/session.go:195.2,196.16 2 9
github.com/okdaichi/gomoqt/moqt/session.go:196.16,197.84 1 2
github.com/okdaichi/gomoqt/moqt/session.go:197.84,202.4 2 1
github.com/okdaichi/gomoqt/moqt/session.go:203.3,204.74 2 1
github.com/okdaichi/gomoqt/moqt/session.go:207.2,217.16 2 7
github.com/okdaichi/gomoqt/moqt/session.go:217.16,218.84 1 2
github.com/okdaichi/gomoqt/moqt/session.go:218.84,223.4 2 1
github.com/okdaichi/gomoqt/moqt/session.go:225.3,227.72 2 1
github.com/okdaichi/gomoqt/moqt/session.go:230.2,232.53 2 5
github.com/okdaichi/gomoqt/moqt/session.go:232.53,232.80 1 0
github.com/okdaichi/gomoqt/moqt/session.go:233.2,236.40 4 5
github.com/okdaichi/gomoqt/moqt/session.go:236.40,239.3 2 5
github.com/okdaichi/gomoqt/moqt/session.go:241.2,242.16 2 5
github.com/okdaichi/gomoqt/moqt/session.go:242.16,243.23 1 2
github.com/okdaichi/gomoqt/moqt/session.go:243.23,246.4 2 0
github.com/okdaichi/gomoqt/moqt/session.go:247.3,247.67 1 2
github.com/okdaichi/gomoqt/moqt/session.go:247.67,249.4 1 1
github.com/okdaichi/gomoqt/moqt/session.go:250.3,251.71 2 1
github.com/okdaichi/gomoqt/moqt/session.go:254.2,254.20 1 3
github.com/okdaichi/gomoqt/moqt/session.go:254.20,257.3 2 1
github.com/okdaichi/gomoqt/moqt/session.go:259.2,268.19 3 2
github.com/okdaichi/gomoqt/moqt/session.go:272.49,275.2 1 18
github.com/okdaichi/gomoqt/moqt/session.go:277.43,279.2 1 5
github.com/okdaichi/gomoqt/moqt/session.go:281.66,282.21 1 0
github.com/okdaichi/gomoqt/moqt/session.go:282.21,284.3 1 0
github.com/okdaichi/gomoqt/moqt/session.go:286.2,287.16 2 0
github.com/okdaichi/gomoqt/moqt/session.go:287.16,288.72 1 0
github.com/okdaichi/gomoqt/moqt/session.go:288.72,292.4 1 0
github.com/okdaichi/gomoqt/moqt/session.go:293.3,293.69 1 0
github.com/okdaichi/gomoqt/moqt/session.go:296.2,297.16 2 0
github.com/okdaichi/gomoqt/moqt/session.go:297.16,298.84 1 0
github.com/okdaichi/gomoqt/moqt/session.go:298.84,303.4 2 0
github.com/okdaichi/gomoqt/moqt/session.go:304.3,305.74 2 0
github.com/okdaichi/gomoqt/moqt/session.go:308.2,314.16 2 0
github.com/okdaichi/gomoqt/moqt/session.go:314.16,315.84 1 0
github.com/okdaichi/gomoqt/moqt/session.go:315.84,320.4 2 0
github.com/okdaichi/gomoqt/moqt/session.go:322.3,324.68 2 0
github.com/okdaichi/gomoqt/moqt/session.go:327.2,329.42 2 0
github.com/okdaichi/gomoqt/moqt/session.go:329.42,332.3 1 0
github.com/okdaichi/gomoqt/moqt/session.go:334.2,334.19 1 0
github.com/okdaichi/gomoqt/moqt/session.go:340.81,341.24 1 10
github.com/okdaichi/gomoqt/moqt/session.go:341.24,343.3 1 1
github.com/okdaichi/gomoqt/moqt/session.go:345.2,346.16 2 9
github.com/okdaichi/gomoqt/moqt/session.go:346.16,347.72 1 3
github.com/okdaichi/gomoqt/moqt/session.go:347.72,351.4 1 1
github.com/okdaichi/gomoqt/moqt/session.go:353.3,353.72 1 2
github.com/okdaichi/gomoqt/moqt/session.go:356.2,357.16 2 6
github.com/okdaichi/gomoqt/moqt/session.go:357.16,358.67 1 2
github.com/okdaichi/gomoqt/moqt/session.go:358.67,365.4 3 1
github.com/okdaichi/gomoqt/moqt/session.go:367.3,367.74 1 1
github.com/okdaichi/gomoqt/moqt/session.go:370.2,373.16 2 4
github.com/okdaichi/gomoqt/moqt/session.go:373.16,374.67 1 1
github.com/okdaichi/gomoqt/moqt/session.go:374.67,379.4 2 1
github.com/okdaichi/gomoqt/moqt/session.go:381.3,383.76 2 0
github.com/okdaichi/gomoqt/moqt/session.go:386.2,386.56 1 3
github.com/okdaichi/gomoqt/moqt/session.go:391.60,392.24 1 1
github.com/okdaichi/gomoqt/moqt/session.go:392.24,394.3 1 0
github.com/okdaichi/gomoqt/moqt/session.go:396.2,397.16 2 1
github.com/okdaichi/gomoqt/moqt/session.go:397.16,398.72 1 0
github.com/okdaichi/gomoqt/moqt/session.go:398.72,402.4 1 0
github.com/okdaichi/gomoqt/moqt/session.go:404.3,404.67 1 0
github.com/okdaichi/gomoqt/moqt/session.go:406.2,409.16 3 1
github.com/okdaichi/gomoqt/moqt/session.go:409.16,410.67 1 0
github.com/okdaichi/gomoqt/moqt/session.go:410.67,413.4 2 0
github.com/okdaichi/gomoqt/moqt/session.go:415.3,417.72 2 0
github.com/okdaichi/gomoqt/moqt/session.go:420.2,421.16 2 1
github.com/okdaichi/gomoqt/moqt/session.go:421.16,422.67 1 0
github.com/okdaichi/gomoqt/moqt/session.go:422.67,425.4 2 0
github.com/okdaichi/gomoqt/moqt/session.go:427.3,429.64 2 0
github.com/okdaichi/gomoqt/moqt/session.go:432.2,434.16 3 1
github.com/okdaichi/gomoqt/moqt/session.go:434.16,436.3 1 0
github.com/okdaichi/gomoqt/moqt/session.go:438.2,438.26 1 1
github.com/okdaichi/gomoqt/moqt/session.go:445.40,446.6 1 68
github.com/okdaichi/gomoqt/moqt/session.go:446.6,448.17 2 68
github.com/okdaichi/gomoqt/moqt/session.go:448.17,450.4 1 68
github.com/okdaichi/gomoqt/moqt/session.go:453.3,453.34 1 0
github.com/okdaichi/gomoqt/moqt/session.go:457.63,461.16 4 11
github.com/okdaichi/gomoqt/moqt/session.go:461.16,463.3 1 1
github.com/okdaichi/gomoqt/moqt/session.go:465.2,465.20 1 10
github.com/okdaichi/gomoqt/moqt/session.go:466.34,469.17 3 2
github.com/okdaichi/gomoqt/moqt/session.go:469.17,472.4 2 1
github.com/okdaichi/gomoqt/moqt/session.go:474.3,481.17 4 1
github.com/okdaichi/gomoqt/moqt/session.go:482.35,485.17 3 2
github.com/okdaichi/gomoqt/moqt/session.go:485.17,488.4 2 1
github.com/okdaichi/gomoqt/moqt/session.go:491.3,508.11 5 1
github.com/okdaichi/gomoqt/moqt/session.go:508.11,508.66 1 1
github.com/okdaichi/gomoqt/moqt/session.go:510.3,515.16 3 1
github.com/okdaichi/gomoqt/moqt/session.go:516.31,519.17 3 3
github.com/okdaichi/gomoqt/moqt/session.go:519.17,522.4 2 0
github.com/okdaichi/gomoqt/moqt/session.go:524.3,536.51 4 3
github.com/okdaichi/gomoqt/moqt/session.go:536.51,539.4 1 2
github.com/okdaichi/gomoqt/moqt/session.go:540.3,543.17 3 3
github.com/okdaichi/gomoqt/moqt/session.go:543.17,546.4 2 2
github.com/okdaichi/gomoqt/moqt/session.go:547.31,548.56 1 2
github.com/okdaichi/gomoqt/moqt/session.go:548.56,551.4 2 0
github.com/okdaichi/gomoqt/moqt/session.go:552.10,554.9 2 1
github.com/okdaichi/gomoqt/moqt/session.go:558.41,559.6 1 68
github.com/okdaichi/gomoqt/moqt/session.go:559.6,561.17 2 68
github.com/okdaichi/gomoqt/moqt/session.go:561.17,563.4 1 68
github.com/okdaichi/gomoqt/moqt/session.go:565.3,565.35 1 0
github.com/okdaichi/gomoqt/moqt/session.go:569.71,572.16 3 5
github.com/okdaichi/gomoqt/moqt/session.go:572.16,574.3 1 1
github.com/okdaichi/gomoqt/moqt/session.go:576.2,576.20 1 4
github.com/okdaichi/gomoqt/moqt/session.go:577.31,580.17 3 3
github.com/okdaichi/gomoqt/moqt/session.go:580.17,582.4 1 1
github.com/okdaichi/gomoqt/moqt/session.go:584.3,585.10 2 2
github.com/okdaichi/gomoqt/moqt/session.go:585.10,588.4 2 1
github.com/okdaichi/gomoqt/moqt/session.go:591.3,591.62 1 1
github.com/okdaichi/gomoqt/moqt/session.go:592.10,595.9 2 1
github.com/okdaichi/gomoqt/moqt/session.go:599.71,604.2 3 2
github.com/okdaichi/gomoqt/moqt/session.go:606.53,611.2 3 2
github.com/okdaichi/gomoqt/moqt/session.go:613.71,618.2 3 7
github.com/okdaichi/gomoqt/moqt/session.go:620.53,625.2 3 1
github.com/okdaichi/gomoqt/moqt/session.go:627.85,630.2 2 41
github.com/okdaichi/gomoqt/moqt/session.go:632.71,636.6 3 2
github.com/okdaichi/gomoqt/moqt/session.go:636.6,639.17 3 5
github.com/okdaichi/gomoqt/moqt/session.go:639.17,640.30 1 2
github.com/okdaichi/gomoqt/moqt/session.go:640.30,642.5 1 2
github.com/okdaichi/gomoqt/moqt/session.go:643.4,643.14 1 0
github.com/okdaichi/gomoqt/moqt/session.go:646.3,646.22 1 3
github.com/okdaichi/gomoqt/moqt/session.go:646.22,648.4 1 0
github.com/okdaichi/gomoqt/moqt/session.go:649.3,650.82 2 3
github.com/okdaichi/gomoqt/moqt/session.go:650.82,652.4 1 0
github.com/okdaichi/gomoqt/moqt/session.go:666.70,669.2 2 2
github.com/okdaichi/gomoqt/moqt/session.go:671.110,672.20 1 3
github.com/okdaichi/gomoqt/moqt/session.go:672.20,677.3 4 2
github.com/okdaichi/gomoqt/moqt/session.go:679.2,680.18 2 1
github.com/okdaichi/gomoqt/moqt/session.go:680.18,682.3 1 1
github.com/okdaichi/gomoqt/moqt/session.go:684.2,686.31 3 0
github.com/okdaichi/gomoqt/moqt/session.go:686.31,688.3 1 0
github.com/okdaichi/gomoqt/moqt/session.go:688.8,690.3 1 0
github.com/okdaichi/gomoqt/moqt/session.go:691.2,691.21 1 0
github.com/okdaichi/gomoqt/moqt/session.go:691.21,695.3 3 0
github.com/okdaichi/gomoqt/moqt/session.go:697.2,699.62 3 0
github.com/okdaichi/gomoqt/moqt/track_config.go:18.43,20.2 1 0
github.com/okdaichi/gomoqt/moqt/track_reader.go:19.50,23.2 1 17
github.com/okdaichi/gomoqt/moqt/track_reader.go:25.59,28.14 3 2
github.com/okdaichi/gomoqt/moqt/track_reader.go:28.14,30.3 1 0
github.com/okdaichi/gomoqt/moqt/track_reader.go:31.2,31.36 1 2
github.com/okdaichi/gomoqt/moqt/track_reader.go:34.62,38.2 3 1
github.com/okdaichi/gomoqt/moqt/track_reader.go:40.128,57.2 2 17
github.com/okdaichi/gomoqt/moqt/track_reader.go:88.49,90.2 1 0
github.com/okdaichi/gomoqt/moqt/track_reader.go:92.54,94.2 1 2
github.com/okdaichi/gomoqt/moqt/track_reader.go:97.78,100.6 2 1
github.com/okdaichi/gomoqt/moqt/track_reader.go:100.6,101.68 1 2
github.com/okdaichi/gomoqt/moqt/track_reader.go:101.68,103.32 1 1
github.com/okdaichi/gomoqt/moqt/track_reader.go:103.32,105.5 1 0
github.com/okdaichi/gomoqt/moqt/track_reader.go:106.4,106.24 1 1
github.com/okdaichi/gomoqt/moqt/track_reader.go:109.3,109.28 1 1
github.com/okdaichi/gomoqt/moqt/track_reader.go:109.28,111.4 1 0
github.com/okdaichi/gomoqt/moqt/track_reader.go:113.3,113.10 1 1
github.com/okdaichi/gomoqt/moqt/track_reader.go:114.21,115.37 1 0
github.com/okdaichi/gomoqt/moqt/track_reader.go:116.26,117.43 1 0
github.com/okdaichi/gomoqt/moqt/track_reader.go:118.42,118.42 0 1
github.com/okdaichi/gomoqt/moqt/track_reader.go:125.74,126.46 1 0
github.com/okdaichi/gomoqt/moqt/track_reader.go:126.46,127.7 1 0
github.com/okdaichi/gomoqt/moqt/track_reader.go:127.7,129.18 2 0
github.com/okdaichi/gomoqt/moqt/track_reader.go:129.18,131.5 1 0
github.com/okdaichi/gomoqt/moqt/track_reader.go:133.4,133.20 1 0
github.com/okdaichi/gomoqt/moqt/track_reader.go:133.20,135.5 1 0
github.com/okdaichi/gomoqt/moqt/track_reader.go:142.78,145.6 2 4
github.com/okdaichi/gomoqt/moqt/track_reader.go:145.6,147.26 2 4
github.com/okdaichi/gomoqt/moqt/track_reader.go:147.26,156.4 5 1
github.com/okdaichi/gomoqt/moqt/track_reader.go:157.3,159.28 2 3
github.com/okdaichi/gomoqt/moqt/track_reader.go:159.28,161.4 1 1
github.com/okdaichi/gomoqt/moqt/track_reader.go:163.3,163.10 1 2
github.com/okdaichi/gomoqt/moqt/track_reader.go:164.21,165.25 1 2
github.com/okdaichi/gomoqt/moqt/track_reader.go:166.26,167.31 1 0
github.com/okdaichi/gomoqt/moqt/track_reader.go:168.21,168.21 0 0
github.com/okdaichi/gomoqt/moqt/track_reader.go:173.49,175.2 1 9
github.com/okdaichi/gomoqt/moqt/track_reader.go:179.37,185.35 4 2
github.com/okdaichi/gomoqt/moqt/track_reader.go:185.35,187.3 1 0
github.com/okdaichi/gomoqt/moqt/track_reader.go:188.2,191.33 2 2
github.com/okdaichi/gomoqt/moqt/track_reader.go:191.33,193.3 1 0
github.com/okdaichi/gomoqt/moqt/track_reader.go:194.2,196.23 2 2
github.com/okdaichi/gomoqt/moqt/track_reader.go:196.23,199.3 2 1
github.com/okdaichi/gomoqt/moqt/track_reader.go:201.2,203.38 2 2
github.com/okdaichi/gomoqt/moqt/track_reader.go:207.63,213.35 4 1
github.com/okdaichi/gomoqt/moqt/track_reader.go:213.35,215.3 1 0
github.com/okdaichi/gomoqt/moqt/track_reader.go:216.2,219.33 2 1
github.com/okdaichi/gomoqt/moqt/track_reader.go:219.33,221.3 1 0
github.com/okdaichi/gomoqt/moqt/track_reader.go:222.2,224.23 2 1
github.com/okdaichi/gomoqt/moqt/track_reader.go:224.23,227.3 2 1
github.com/okdaichi/gomoqt/moqt/track_reader.go:229.2,231.44 2 1
github.com/okdaichi/gomoqt/moqt/track_reader.go:235.61,236.19 1 1
github.com/okdaichi/gomoqt/moqt/track_reader.go:236.19,238.3 1 0
github.com/okdaichi/gomoqt/moqt/track_reader.go:240.2,240.54 1 1
github.com/okdaichi/gomoqt/moqt/track_reader.go:243.92,244.19 1 2
github.com/okdaichi/gomoqt/moqt/track_reader.go:244.19,246.3 1 0
github.com/okdaichi/gomoqt/moqt/track_reader.go:248.2,251.51 3 2
github.com/okdaichi/gomoqt/moqt/track_reader.go:251.51,254.3 2 0
github.com/okdaichi/gomoqt/moqt/track_reader.go:256.2,265.9 3 2
github.com/okdaichi/gomoqt/moqt/track_reader.go:266.32,266.32 0 2
github.com/okdaichi/gomoqt/moqt/track_reader.go:267.10,267.10 0 0
github.com/okdaichi/gomoqt/moqt/track_writer.go:21.50,25.2 1 41
github.com/okdaichi/gomoqt/moqt/track_writer.go:27.59,30.14 3 27
github.com/okdaichi/gomoqt/moqt/track_writer.go:30.14,32.3 1 0
github.com/okdaichi/gomoqt/moqt/track_writer.go:33.2,33.36 1 27
github.com/okdaichi/gomoqt/moqt/track_writer.go:36.62,41.2 3 5
github.com/okdaichi/gomoqt/moqt/track_writer.go:43.48,47.2 3 3
github.com/okdaichi/gomoqt/moqt/track_writer.go:49.38,54.2 4 11
github.com/okdaichi/gomoqt/moqt/track_writer.go:62.16,76.2 3 25
github.com/okdaichi/gomoqt/moqt/track_writer.go:107.37,115.27 3 5
github.com/okdaichi/gomoqt/moqt/track_writer.go:115.27,123.31 5 5
github.com/okdaichi/gomoqt/moqt/track_writer.go:123.31,125.4 1 0
github.com/okdaichi/gomoqt/moqt/track_writer.go:128.2,128.31 1 5
github.com/okdaichi/gomoqt/moqt/track_writer.go:128.31,131.3 2 5
github.com/okdaichi/gomoqt/moqt/track_writer.go:133.2,133.30 1 5
github.com/okdaichi/gomoqt/moqt/track_writer.go:133.30,135.3 1 2
github.com/okdaichi/gomoqt/moqt/track_writer.go:137.2,137.34 1 3
github.com/okdaichi/gomoqt/moqt/track_writer.go:141.63,146.27 3 9
github.com/okdaichi/gomoqt/moqt/track_writer.go:146.27,154.31 5 6
github.com/okdaichi/gomoqt/moqt/track_writer.go:154.31,156.4 1 0
github.com/okdaichi/gomoqt/moqt/track_writer.go:159.2,159.31 1 9
github.com/okdaichi/gomoqt/moqt/track_writer.go:159.31,162.3 2 6
github.com/okdaichi/gomoqt/moqt/track_writer.go:164.2,164.30 1 9
github.com/okdaichi/gomoqt/moqt/track_writer.go:164.30,166.3 1 6
github.com/okdaichi/gomoqt/moqt/track_writer.go:172.57,176.2 2 16
github.com/okdaichi/gomoqt/moqt/track_writer.go:181.76,184.6 1 0
github.com/okdaichi/gomoqt/moqt/track_writer.go:184.6,187.18 3 0
github.com/okdaichi/gomoqt/moqt/track_writer.go:187.18,188.9 1 0
github.com/okdaichi/gomoqt/moqt/track_writer.go:190.3,190.48 1 0
github.com/okdaichi/gomoqt/moqt/track_writer.go:190.48,191.9 1 0
github.com/okdaichi/gomoqt/moqt/track_writer.go:194.2,194.37 1 0
github.com/okdaichi/gomoqt/moqt/track_writer.go:200.44,202.2 1 2
github.com/okdaichi/gomoqt/moqt/track_writer.go:204.49,206.2 1 23
github.com/okdaichi/gomoqt/moqt/track_writer.go:208.57,210.2 1 0
github.com/okdaichi/gomoqt/moqt/track_writer.go:214.60,215.78 1 2
github.com/okdaichi/gomoqt/moqt/track_writer.go:215.78,217.3 1 0
github.com/okdaichi/gomoqt/moqt/track_writer.go:218.2,218.37 1 2
github.com/okdaichi/gomoqt/moqt/track_writer.go:218.37,220.3 1 0
github.com/okdaichi/gomoqt/moqt/track_writer.go:222.2,225.30 3 2
github.com/okdaichi/gomoqt/moqt/track_writer.go:225.30,227.3 1 0
github.com/okdaichi/gomoqt/moqt/track_writer.go:229.2,229.30 1 2
github.com/okdaichi/gomoqt/moqt/track_writer.go:229.30,231.3 1 0
github.com/okdaichi/gomoqt/moqt/track_writer.go:233.2,233.42 1 2
github.com/okdaichi/gomoqt/moqt/track_writer.go:238.79,239.12 1 1
github.com/okdaichi/gomoqt/moqt/track_writer.go:239.12,241.3 1 0
github.com/okdaichi/gomoqt/moqt/track_writer.go:243.2,243.6 1 1
github.com/okdaichi/gomoqt/moqt/track_writer.go:243.6,248.18 4 1
github.com/okdaichi/gomoqt/moqt/track_writer.go:248.18,250.4 1 0
github.com/okdaichi/gomoqt/moqt/track_writer.go:252.3,252.55 1 1
github.com/okdaichi/gomoqt/moqt/track_writer.go:252.55,258.4 1 1
github.com/okdaichi/gomoqt/moqt/track_writer.go:262.54,263.30 1 4
github.com/okdaichi/gomoqt/moqt/track_writer.go:263.30,265.3 1 2
github.com/okdaichi/gomoqt/moqt/track_writer.go:267.2,267.40 1 2
github.com/okdaichi/gomoqt/moqt/track_writer.go:270.49,272.2 1 0
github.com/okdaichi/gomoqt/moqt/track_writer.go:275.86,289.30 3 16
github.com/okdaichi/gomoqt/moqt/track_writer.go:289.30,291.3 1 3
github.com/okdaichi/gomoqt/moqt/track_writer.go:294.2,297.16 2 13
github.com/okdaichi/gomoqt/moqt/track_writer.go:297.16,299.3 1 0
github.com/okdaichi/gomoqt/moqt/track_writer.go:301.2,302.16 2 12
github.com/okdaichi/gomoqt/moqt/track_writer.go:302.16,303.72 1 1
github.com/okdaichi/gomoqt/moqt/track_writer.go:303.72,308.4 2 0
github.com/okdaichi/gomoqt/moqt/track_writer.go:309.3,309.18 1 1
github.com/okdaichi/gomoqt/moqt/track_writer.go:312.2,313.16 2 11
github.com/okdaichi/gomoqt/moqt/track_writer.go:313.16,315.30 2 0
github.com/okdaichi/gomoqt/moqt/track_writer.go:315.30,317.4 1 0
github.com/okdaichi/gomoqt/moqt/track_writer.go:319.3,322.18 3 0
github.com/okdaichi/gomoqt/moqt/track_writer.go:325.2,329.16 2 11
github.com/okdaichi/gomoqt/moqt/track_writer.go:329.16,331.30 2 0
github.com/okdaichi/gomoqt/moqt/track_writer.go:331.30,333.4 1 0
github.com/okdaichi/gomoqt/moqt/track_writer.go:335.3,338.18 3 0
github.com/okdaichi/gomoqt/moqt/track_writer.go:341.2,341.57 1 11
